{"C:\\Coding Projects\\Agile\\controller\\auth_controller.js": {"path":"C:\\Coding Projects\\Agile\\controller\\auth_controller.js","statementMap":{"0":{"start":{"line":1,"column":15},"end":{"line":1,"column":48}},"1":{"start":{"line":2,"column":17},"end":{"line":2,"column":38}},"2":{"start":{"line":5,"column":15},"end":{"line":5,"column":32}},"3":{"start":{"line":6,"column":19},"end":{"line":6,"column":21}},"4":{"start":{"line":9,"column":15},"end":{"line":9,"column":32}},"5":{"start":{"line":12,"column":14},"end":{"line":12,"column":31}},"6":{"start":{"line":13,"column":0},"end":{"line":13,"column":27}},"7":{"start":{"line":15,"column":18},"end":{"line":21,"column":2}},"8":{"start":{"line":23,"column":13},"end":{"line":29,"column":12}},"9":{"start":{"line":31,"column":21},"end":{"line":247,"column":1}},"10":{"start":{"line":33,"column":24},"end":{"line":33,"column":42}},"11":{"start":{"line":34,"column":18},"end":{"line":34,"column":68}},"12":{"start":{"line":35,"column":4},"end":{"line":35,"column":50}},"13":{"start":{"line":39,"column":4},"end":{"line":39,"column":74}},"14":{"start":{"line":47,"column":4},"end":{"line":111,"column":5}},"15":{"start":{"line":48,"column":48},"end":{"line":48,"column":56}},"16":{"start":{"line":51,"column":8},"end":{"line":54,"column":9}},"17":{"start":{"line":52,"column":12},"end":{"line":53,"column":41}},"18":{"start":{"line":57,"column":19},"end":{"line":57,"column":95}},"19":{"start":{"line":58,"column":6},"end":{"line":61,"column":7}},"20":{"start":{"line":59,"column":8},"end":{"line":60,"column":39}},"21":{"start":{"line":62,"column":6},"end":{"line":64,"column":7}},"22":{"start":{"line":63,"column":8},"end":{"line":63,"column":141}},"23":{"start":{"line":67,"column":6},"end":{"line":71,"column":7}},"24":{"start":{"line":68,"column":8},"end":{"line":70,"column":11}},"25":{"start":{"line":74,"column":29},"end":{"line":74,"column":57}},"26":{"start":{"line":77,"column":32},"end":{"line":77,"column":70}},"27":{"start":{"line":80,"column":26},"end":{"line":80,"column":36}},"28":{"start":{"line":81,"column":19},"end":{"line":81,"column":44}},"29":{"start":{"line":82,"column":20},"end":{"line":82,"column":71}},"30":{"start":{"line":83,"column":18},"end":{"line":83,"column":64}},"31":{"start":{"line":84,"column":28},"end":{"line":84,"column":53}},"32":{"start":{"line":87,"column":6},"end":{"line":88,"column":104}},"33":{"start":{"line":91,"column":24},"end":{"line":96,"column":7}},"34":{"start":{"line":98,"column":6},"end":{"line":104,"column":9}},"35":{"start":{"line":99,"column":8},"end":{"line":103,"column":9}},"36":{"start":{"line":100,"column":10},"end":{"line":100,"column":29}},"37":{"start":{"line":102,"column":10},"end":{"line":102,"column":54}},"38":{"start":{"line":107,"column":6},"end":{"line":107,"column":29}},"39":{"start":{"line":110,"column":6},"end":{"line":110,"column":54}},"40":{"start":{"line":118,"column":4},"end":{"line":120,"column":7}},"41":{"start":{"line":119,"column":6},"end":{"line":119,"column":31}},"42":{"start":{"line":119,"column":15},"end":{"line":119,"column":31}},"43":{"start":{"line":121,"column":4},"end":{"line":121,"column":27}},"44":{"start":{"line":124,"column":4},"end":{"line":124,"column":63}},"45":{"start":{"line":125,"column":4},"end":{"line":125,"column":21}},"46":{"start":{"line":126,"column":4},"end":{"line":132,"column":5}},"47":{"start":{"line":127,"column":6},"end":{"line":129,"column":7}},"48":{"start":{"line":128,"column":8},"end":{"line":128,"column":70}},"49":{"start":{"line":131,"column":6},"end":{"line":131,"column":22}},"50":{"start":{"line":133,"column":4},"end":{"line":133,"column":106}},"51":{"start":{"line":136,"column":4},"end":{"line":142,"column":6}},"52":{"start":{"line":137,"column":6},"end":{"line":141,"column":7}},"53":{"start":{"line":138,"column":8},"end":{"line":138,"column":33}},"54":{"start":{"line":140,"column":8},"end":{"line":140,"column":30}},"55":{"start":{"line":145,"column":4},"end":{"line":145,"column":79}},"56":{"start":{"line":148,"column":24},"end":{"line":148,"column":44}},"57":{"start":{"line":149,"column":22},"end":{"line":149,"column":40}},"58":{"start":{"line":150,"column":21},"end":{"line":150,"column":38}},"59":{"start":{"line":153,"column":4},"end":{"line":156,"column":5}},"60":{"start":{"line":154,"column":6},"end":{"line":155,"column":37}},"61":{"start":{"line":160,"column":19},"end":{"line":160,"column":99}},"62":{"start":{"line":162,"column":4},"end":{"line":222,"column":5}},"63":{"start":{"line":164,"column":20},"end":{"line":164,"column":58}},"64":{"start":{"line":167,"column":6},"end":{"line":168,"column":146}},"65":{"start":{"line":171,"column":24},"end":{"line":176,"column":7}},"66":{"start":{"line":178,"column":6},"end":{"line":184,"column":9}},"67":{"start":{"line":179,"column":8},"end":{"line":183,"column":9}},"68":{"start":{"line":180,"column":10},"end":{"line":180,"column":29}},"69":{"start":{"line":182,"column":10},"end":{"line":182,"column":54}},"70":{"start":{"line":186,"column":6},"end":{"line":187,"column":37}},"71":{"start":{"line":189,"column":9},"end":{"line":222,"column":5}},"72":{"start":{"line":190,"column":6},"end":{"line":197,"column":7}},"73":{"start":{"line":191,"column":8},"end":{"line":194,"column":9}},"74":{"start":{"line":192,"column":10},"end":{"line":193,"column":41}},"75":{"start":{"line":195,"column":31},"end":{"line":195,"column":59}},"76":{"start":{"line":196,"column":8},"end":{"line":196,"column":115}},"77":{"start":{"line":199,"column":6},"end":{"line":199,"column":74}},"78":{"start":{"line":202,"column":6},"end":{"line":205,"column":7}},"79":{"start":{"line":203,"column":8},"end":{"line":204,"column":39}},"80":{"start":{"line":206,"column":21},"end":{"line":206,"column":109}},"81":{"start":{"line":208,"column":8},"end":{"line":221,"column":9}},"82":{"start":{"line":209,"column":10},"end":{"line":209,"column":117}},"83":{"start":{"line":211,"column":10},"end":{"line":211,"column":110}},"84":{"start":{"line":213,"column":33},"end":{"line":213,"column":61}},"85":{"start":{"line":214,"column":10},"end":{"line":214,"column":125}},"86":{"start":{"line":216,"column":10},"end":{"line":216,"column":78}},"87":{"start":{"line":219,"column":10},"end":{"line":220,"column":41}},"88":{"start":{"line":225,"column":18},"end":{"line":225,"column":34}},"89":{"start":{"line":226,"column":4},"end":{"line":245,"column":5}},"90":{"start":{"line":227,"column":24},"end":{"line":227,"column":123}},"91":{"start":{"line":228,"column":6},"end":{"line":240,"column":7}},"92":{"start":{"line":229,"column":26},"end":{"line":229,"column":46}},"93":{"start":{"line":230,"column":31},"end":{"line":230,"column":56}},"94":{"start":{"line":231,"column":8},"end":{"line":231,"column":118}},"95":{"start":{"line":235,"column":8},"end":{"line":235,"column":124}},"96":{"start":{"line":236,"column":8},"end":{"line":236,"column":106}},"97":{"start":{"line":237,"column":8},"end":{"line":237,"column":56}},"98":{"start":{"line":239,"column":8},"end":{"line":239,"column":48}},"99":{"start":{"line":243,"column":6},"end":{"line":243,"column":53}},"100":{"start":{"line":244,"column":6},"end":{"line":244,"column":52}},"101":{"start":{"line":251,"column":2},"end":{"line":256,"column":3}},"102":{"start":{"line":252,"column":17},"end":{"line":252,"column":49}},"103":{"start":{"line":253,"column":4},"end":{"line":253,"column":45}},"104":{"start":{"line":255,"column":4},"end":{"line":255,"column":46}},"105":{"start":{"line":260,"column":28},"end":{"line":260,"column":66}},"106":{"start":{"line":261,"column":2},"end":{"line":261,"column":129}},"107":{"start":{"line":263,"column":20},"end":{"line":268,"column":3}},"108":{"start":{"line":270,"column":2},"end":{"line":276,"column":5}},"109":{"start":{"line":271,"column":4},"end":{"line":275,"column":5}},"110":{"start":{"line":272,"column":6},"end":{"line":272,"column":25}},"111":{"start":{"line":274,"column":6},"end":{"line":274,"column":50}},"112":{"start":{"line":279,"column":2},"end":{"line":279,"column":32}},"113":{"start":{"line":283,"column":0},"end":{"line":283,"column":70}}},"fnMap":{"0":{"name":"(anonymous_0)","decl":{"start":{"line":32,"column":9},"end":{"line":32,"column":10}},"loc":{"start":{"line":32,"column":23},"end":{"line":36,"column":3}},"line":32},"1":{"name":"(anonymous_1)","decl":{"start":{"line":38,"column":12},"end":{"line":38,"column":13}},"loc":{"start":{"line":38,"column":26},"end":{"line":40,"column":3}},"line":38},"2":{"name":"(anonymous_2)","decl":{"start":{"line":46,"column":18},"end":{"line":46,"column":19}},"loc":{"start":{"line":46,"column":38},"end":{"line":112,"column":3}},"line":46},"3":{"name":"(anonymous_3)","decl":{"start":{"line":98,"column":46},"end":{"line":98,"column":47}},"loc":{"start":{"line":98,"column":69},"end":{"line":104,"column":7}},"line":98},"4":{"name":"(anonymous_4)","decl":{"start":{"line":117,"column":10},"end":{"line":117,"column":11}},"loc":{"start":{"line":117,"column":24},"end":{"line":122,"column":3}},"line":117},"5":{"name":"(anonymous_5)","decl":{"start":{"line":118,"column":15},"end":{"line":118,"column":16}},"loc":{"start":{"line":118,"column":22},"end":{"line":120,"column":5}},"line":118},"6":{"name":"(anonymous_6)","decl":{"start":{"line":123,"column":14},"end":{"line":123,"column":15}},"loc":{"start":{"line":123,"column":28},"end":{"line":134,"column":3}},"line":123},"7":{"name":"(anonymous_7)","decl":{"start":{"line":135,"column":17},"end":{"line":135,"column":18}},"loc":{"start":{"line":135,"column":31},"end":{"line":143,"column":3}},"line":135},"8":{"name":"(anonymous_8)","decl":{"start":{"line":136,"column":51},"end":{"line":136,"column":52}},"loc":{"start":{"line":136,"column":60},"end":{"line":142,"column":5}},"line":136},"9":{"name":"(anonymous_9)","decl":{"start":{"line":144,"column":16},"end":{"line":144,"column":17}},"loc":{"start":{"line":144,"column":30},"end":{"line":146,"column":3}},"line":144},"10":{"name":"(anonymous_10)","decl":{"start":{"line":147,"column":21},"end":{"line":147,"column":22}},"loc":{"start":{"line":147,"column":41},"end":{"line":223,"column":3}},"line":147},"11":{"name":"(anonymous_11)","decl":{"start":{"line":178,"column":46},"end":{"line":178,"column":47}},"loc":{"start":{"line":178,"column":69},"end":{"line":184,"column":7}},"line":178},"12":{"name":"(anonymous_12)","decl":{"start":{"line":224,"column":22},"end":{"line":224,"column":23}},"loc":{"start":{"line":224,"column":42},"end":{"line":246,"column":3}},"line":224},"13":{"name":"hashPassword","decl":{"start":{"line":250,"column":15},"end":{"line":250,"column":27}},"loc":{"start":{"line":250,"column":38},"end":{"line":257,"column":1}},"line":250},"14":{"name":"sendConfirmationEmail","decl":{"start":{"line":259,"column":15},"end":{"line":259,"column":36}},"loc":{"start":{"line":259,"column":76},"end":{"line":280,"column":1}},"line":259},"15":{"name":"(anonymous_15)","decl":{"start":{"line":270,"column":42},"end":{"line":270,"column":43}},"loc":{"start":{"line":270,"column":65},"end":{"line":276,"column":3}},"line":270}},"branchMap":{"0":{"loc":{"start":{"line":34,"column":18},"end":{"line":34,"column":68}},"type":"cond-expr","locations":[{"start":{"line":34,"column":45},"end":{"line":34,"column":61}},{"start":{"line":34,"column":64},"end":{"line":34,"column":68}}],"line":34},"1":{"loc":{"start":{"line":51,"column":8},"end":{"line":54,"column":9}},"type":"if","locations":[{"start":{"line":51,"column":8},"end":{"line":54,"column":9}},{"start":{},"end":{}}],"line":51},"2":{"loc":{"start":{"line":51,"column":12},"end":{"line":51,"column":53}},"type":"binary-expr","locations":[{"start":{"line":51,"column":12},"end":{"line":51,"column":17}},{"start":{"line":51,"column":21},"end":{"line":51,"column":27}},{"start":{"line":51,"column":31},"end":{"line":51,"column":40}},{"start":{"line":51,"column":44},"end":{"line":51,"column":53}}],"line":51},"3":{"loc":{"start":{"line":58,"column":6},"end":{"line":61,"column":7}},"type":"if","locations":[{"start":{"line":58,"column":6},"end":{"line":61,"column":7}},{"start":{},"end":{}}],"line":58},"4":{"loc":{"start":{"line":62,"column":6},"end":{"line":64,"column":7}},"type":"if","locations":[{"start":{"line":62,"column":6},"end":{"line":64,"column":7}},{"start":{},"end":{}}],"line":62},"5":{"loc":{"start":{"line":67,"column":6},"end":{"line":71,"column":7}},"type":"if","locations":[{"start":{"line":67,"column":6},"end":{"line":71,"column":7}},{"start":{},"end":{}}],"line":67},"6":{"loc":{"start":{"line":99,"column":8},"end":{"line":103,"column":9}},"type":"if","locations":[{"start":{"line":99,"column":8},"end":{"line":103,"column":9}},{"start":{"line":101,"column":15},"end":{"line":103,"column":9}}],"line":99},"7":{"loc":{"start":{"line":119,"column":6},"end":{"line":119,"column":31}},"type":"if","locations":[{"start":{"line":119,"column":6},"end":{"line":119,"column":31}},{"start":{},"end":{}}],"line":119},"8":{"loc":{"start":{"line":137,"column":6},"end":{"line":141,"column":7}},"type":"if","locations":[{"start":{"line":137,"column":6},"end":{"line":141,"column":7}},{"start":{"line":139,"column":13},"end":{"line":141,"column":7}}],"line":137},"9":{"loc":{"start":{"line":153,"column":4},"end":{"line":156,"column":5}},"type":"if","locations":[{"start":{"line":153,"column":4},"end":{"line":156,"column":5}},{"start":{},"end":{}}],"line":153},"10":{"loc":{"start":{"line":162,"column":4},"end":{"line":222,"column":5}},"type":"if","locations":[{"start":{"line":162,"column":4},"end":{"line":222,"column":5}},{"start":{"line":189,"column":9},"end":{"line":222,"column":5}}],"line":162},"11":{"loc":{"start":{"line":162,"column":8},"end":{"line":162,"column":64}},"type":"binary-expr","locations":[{"start":{"line":162,"column":8},"end":{"line":162,"column":23}},{"start":{"line":162,"column":27},"end":{"line":162,"column":64}}],"line":162},"12":{"loc":{"start":{"line":179,"column":8},"end":{"line":183,"column":9}},"type":"if","locations":[{"start":{"line":179,"column":8},"end":{"line":183,"column":9}},{"start":{"line":181,"column":15},"end":{"line":183,"column":9}}],"line":179},"13":{"loc":{"start":{"line":189,"column":9},"end":{"line":222,"column":5}},"type":"if","locations":[{"start":{"line":189,"column":9},"end":{"line":222,"column":5}},{"start":{"line":201,"column":9},"end":{"line":222,"column":5}}],"line":189},"14":{"loc":{"start":{"line":189,"column":12},"end":{"line":189,"column":68}},"type":"binary-expr","locations":[{"start":{"line":189,"column":12},"end":{"line":189,"column":27}},{"start":{"line":189,"column":31},"end":{"line":189,"column":68}}],"line":189},"15":{"loc":{"start":{"line":190,"column":6},"end":{"line":197,"column":7}},"type":"if","locations":[{"start":{"line":190,"column":6},"end":{"line":197,"column":7}},{"start":{},"end":{}}],"line":190},"16":{"loc":{"start":{"line":191,"column":8},"end":{"line":194,"column":9}},"type":"if","locations":[{"start":{"line":191,"column":8},"end":{"line":194,"column":9}},{"start":{},"end":{}}],"line":191},"17":{"loc":{"start":{"line":202,"column":6},"end":{"line":205,"column":7}},"type":"if","locations":[{"start":{"line":202,"column":6},"end":{"line":205,"column":7}},{"start":{},"end":{}}],"line":202},"18":{"loc":{"start":{"line":208,"column":8},"end":{"line":221,"column":9}},"type":"if","locations":[{"start":{"line":208,"column":8},"end":{"line":221,"column":9}},{"start":{"line":218,"column":13},"end":{"line":221,"column":9}}],"line":208},"19":{"loc":{"start":{"line":228,"column":6},"end":{"line":240,"column":7}},"type":"if","locations":[{"start":{"line":228,"column":6},"end":{"line":240,"column":7}},{"start":{"line":238,"column":13},"end":{"line":240,"column":7}}],"line":228},"20":{"loc":{"start":{"line":271,"column":4},"end":{"line":275,"column":5}},"type":"if","locations":[{"start":{"line":271,"column":4},"end":{"line":275,"column":5}},{"start":{"line":273,"column":11},"end":{"line":275,"column":5}}],"line":271}},"s":{"0":1,"1":1,"2":1,"3":1,"4":1,"5":1,"6":1,"7":1,"8":1,"9":1,"10":2,"11":2,"12":2,"13":1,"14":5,"15":5,"16":5,"17":1,"18":4,"19":4,"20":1,"21":2,"22":1,"23":1,"24":1,"25":0,"26":0,"27":0,"28":0,"29":0,"30":0,"31":0,"32":0,"33":0,"34":0,"35":0,"36":0,"37":0,"38":0,"39":1,"40":1,"41":0,"42":0,"43":1,"44":0,"45":0,"46":0,"47":0,"48":0,"49":0,"50":0,"51":0,"52":0,"53":0,"54":0,"55":0,"56":0,"57":0,"58":0,"59":0,"60":0,"61":0,"62":0,"63":0,"64":0,"65":0,"66":0,"67":0,"68":0,"69":0,"70":0,"71":0,"72":0,"73":0,"74":0,"75":0,"76":0,"77":0,"78":0,"79":0,"80":0,"81":0,"82":0,"83":0,"84":0,"85":0,"86":0,"87":0,"88":0,"89":0,"90":0,"91":0,"92":0,"93":0,"94":0,"95":0,"96":0,"97":0,"98":0,"99":0,"100":0,"101":3,"102":3,"103":3,"104":2,"105":0,"106":0,"107":0,"108":0,"109":0,"110":0,"111":0,"112":0,"113":1},"f":{"0":2,"1":1,"2":5,"3":0,"4":1,"5":0,"6":0,"7":0,"8":0,"9":0,"10":0,"11":0,"12":0,"13":3,"14":0,"15":0},"b":{"0":[1,1],"1":[1,4],"2":[5,4,4,4],"3":[1,2],"4":[1,1],"5":[1,0],"6":[0,0],"7":[0,0],"8":[0,0],"9":[0,0],"10":[0,0],"11":[0,0],"12":[0,0],"13":[0,0],"14":[0,0],"15":[0,0],"16":[0,0],"17":[0,0],"18":[0,0],"19":[0,0],"20":[0,0]},"_coverageSchema":"1a1c01bbd47fc00a2c39e90264f33305004495a9","hash":"c12ca946ecf8e3186da35b8299acc2083f6ebd4c"}
,"C:\\Coding Projects\\Agile\\controller\\interaction_controller.js": {"path":"C:\\Coding Projects\\Agile\\controller\\interaction_controller.js","statementMap":{"0":{"start":{"line":2,"column":14},"end":{"line":2,"column":31}},"1":{"start":{"line":3,"column":15},"end":{"line":3,"column":56}},"2":{"start":{"line":4,"column":0},"end":{"line":4,"column":27}},"3":{"start":{"line":6,"column":13},"end":{"line":12,"column":12}},"4":{"start":{"line":15,"column":14},"end":{"line":15,"column":134}},"5":{"start":{"line":16,"column":19},"end":{"line":16,"column":35}},"6":{"start":{"line":17,"column":15},"end":{"line":17,"column":36}},"7":{"start":{"line":18,"column":19},"end":{"line":18,"column":47}},"8":{"start":{"line":19,"column":2},"end":{"line":19,"column":18}},"9":{"start":{"line":24,"column":19},"end":{"line":34,"column":1}},"10":{"start":{"line":25,"column":2},"end":{"line":33,"column":3}},"11":{"start":{"line":27,"column":29},"end":{"line":27,"column":87}},"12":{"start":{"line":29,"column":6},"end":{"line":29,"column":18}},"13":{"start":{"line":31,"column":6},"end":{"line":31,"column":52}},"14":{"start":{"line":32,"column":6},"end":{"line":32,"column":18}},"15":{"start":{"line":36,"column":25},"end":{"line":59,"column":1}},"16":{"start":{"line":38,"column":4},"end":{"line":57,"column":5}},"17":{"start":{"line":40,"column":20},"end":{"line":40,"column":38}},"18":{"start":{"line":43,"column":22},"end":{"line":43,"column":52}},"19":{"start":{"line":43,"column":40},"end":{"line":43,"column":51}},"20":{"start":{"line":44,"column":6},"end":{"line":53,"column":7}},"21":{"start":{"line":45,"column":28},"end":{"line":45,"column":128}},"22":{"start":{"line":46,"column":28},"end":{"line":46,"column":30}},"23":{"start":{"line":47,"column":8},"end":{"line":49,"column":11}},"24":{"start":{"line":48,"column":10},"end":{"line":48,"column":100}},"25":{"start":{"line":50,"column":8},"end":{"line":50,"column":112}},"26":{"start":{"line":52,"column":8},"end":{"line":52,"column":83}},"27":{"start":{"line":55,"column":6},"end":{"line":55,"column":61}},"28":{"start":{"line":56,"column":6},"end":{"line":56,"column":52}},"29":{"start":{"line":62,"column":22},"end":{"line":94,"column":1}},"30":{"start":{"line":64,"column":4},"end":{"line":64,"column":34}},"31":{"start":{"line":67,"column":4},"end":{"line":92,"column":5}},"32":{"start":{"line":68,"column":19},"end":{"line":68,"column":27}},"33":{"start":{"line":69,"column":6},"end":{"line":71,"column":7}},"34":{"start":{"line":70,"column":8},"end":{"line":70,"column":63}},"35":{"start":{"line":73,"column":20},"end":{"line":73,"column":34}},"36":{"start":{"line":74,"column":26},"end":{"line":74,"column":46}},"37":{"start":{"line":76,"column":21},"end":{"line":76,"column":44}},"38":{"start":{"line":79,"column":6},"end":{"line":81,"column":7}},"39":{"start":{"line":80,"column":8},"end":{"line":80,"column":48}},"40":{"start":{"line":84,"column":6},"end":{"line":85,"column":59}},"41":{"start":{"line":88,"column":6},"end":{"line":88,"column":50}},"42":{"start":{"line":90,"column":6},"end":{"line":90,"column":37}},"43":{"start":{"line":91,"column":6},"end":{"line":91,"column":52}},"44":{"start":{"line":96,"column":21},"end":{"line":145,"column":1}},"45":{"start":{"line":98,"column":17},"end":{"line":98,"column":32}},"46":{"start":{"line":100,"column":18},"end":{"line":100,"column":31}},"47":{"start":{"line":102,"column":29},"end":{"line":102,"column":98}},"48":{"start":{"line":104,"column":4},"end":{"line":110,"column":5}},"49":{"start":{"line":105,"column":6},"end":{"line":105,"column":31}},"50":{"start":{"line":107,"column":27},"end":{"line":107,"column":96}},"51":{"start":{"line":109,"column":6},"end":{"line":109,"column":89}},"52":{"start":{"line":115,"column":4},"end":{"line":115,"column":131}},"53":{"start":{"line":117,"column":4},"end":{"line":117,"column":122}},"54":{"start":{"line":120,"column":25},"end":{"line":120,"column":94}},"55":{"start":{"line":121,"column":4},"end":{"line":121,"column":16}},"56":{"start":{"line":124,"column":4},"end":{"line":124,"column":75}},"57":{"start":{"line":127,"column":15},"end":{"line":127,"column":30}},"58":{"start":{"line":128,"column":22},"end":{"line":128,"column":35}},"59":{"start":{"line":129,"column":25},"end":{"line":129,"column":150}},"60":{"start":{"line":130,"column":4},"end":{"line":130,"column":22}},"61":{"start":{"line":132,"column":4},"end":{"line":143,"column":5}},"62":{"start":{"line":133,"column":20},"end":{"line":133,"column":35}},"63":{"start":{"line":134,"column":6},"end":{"line":134,"column":39}},"64":{"start":{"line":136,"column":6},"end":{"line":136,"column":140}},"65":{"start":{"line":138,"column":31},"end":{"line":138,"column":156}},"66":{"start":{"line":140,"column":20},"end":{"line":140,"column":37}},"67":{"start":{"line":142,"column":6},"end":{"line":142,"column":39}},"68":{"start":{"line":147,"column":25},"end":{"line":233,"column":1}},"69":{"start":{"line":149,"column":21},"end":{"line":149,"column":34}},"70":{"start":{"line":150,"column":4},"end":{"line":183,"column":5}},"71":{"start":{"line":151,"column":6},"end":{"line":172,"column":7}},"72":{"start":{"line":152,"column":39},"end":{"line":152,"column":109}},"73":{"start":{"line":153,"column":39},"end":{"line":153,"column":109}},"74":{"start":{"line":156,"column":24},"end":{"line":156,"column":57}},"75":{"start":{"line":156,"column":45},"end":{"line":156,"column":56}},"76":{"start":{"line":157,"column":8},"end":{"line":168,"column":9}},"77":{"start":{"line":158,"column":30},"end":{"line":158,"column":130}},"78":{"start":{"line":159,"column":30},"end":{"line":159,"column":32}},"79":{"start":{"line":160,"column":10},"end":{"line":162,"column":13}},"80":{"start":{"line":161,"column":12},"end":{"line":161,"column":104}},"81":{"start":{"line":164,"column":10},"end":{"line":164,"column":107}},"82":{"start":{"line":167,"column":10},"end":{"line":167,"column":81}},"83":{"start":{"line":170,"column":8},"end":{"line":170,"column":58}},"84":{"start":{"line":174,"column":6},"end":{"line":182,"column":7}},"85":{"start":{"line":176,"column":39},"end":{"line":176,"column":114}},"86":{"start":{"line":177,"column":8},"end":{"line":177,"column":79}},"87":{"start":{"line":180,"column":8},"end":{"line":180,"column":59}},"88":{"start":{"line":187,"column":23},"end":{"line":187,"column":36}},"89":{"start":{"line":188,"column":22},"end":{"line":188,"column":39}},"90":{"start":{"line":189,"column":22},"end":{"line":189,"column":39}},"91":{"start":{"line":190,"column":21},"end":{"line":190,"column":37}},"92":{"start":{"line":191,"column":24},"end":{"line":191,"column":43}},"93":{"start":{"line":192,"column":19},"end":{"line":192,"column":33}},"94":{"start":{"line":193,"column":4},"end":{"line":193,"column":30}},"95":{"start":{"line":195,"column":27},"end":{"line":195,"column":35}},"96":{"start":{"line":198,"column":19},"end":{"line":198,"column":62}},"97":{"start":{"line":201,"column":4},"end":{"line":203,"column":5}},"98":{"start":{"line":202,"column":6},"end":{"line":202,"column":46}},"99":{"start":{"line":206,"column":4},"end":{"line":216,"column":5}},"100":{"start":{"line":207,"column":18},"end":{"line":207,"column":50}},"101":{"start":{"line":208,"column":21},"end":{"line":208,"column":36}},"102":{"start":{"line":209,"column":6},"end":{"line":215,"column":7}},"103":{"start":{"line":210,"column":23},"end":{"line":210,"column":52}},"104":{"start":{"line":213,"column":8},"end":{"line":213,"column":25}},"105":{"start":{"line":217,"column":18},"end":{"line":217,"column":128}},"106":{"start":{"line":218,"column":21},"end":{"line":218,"column":120}},"107":{"start":{"line":220,"column":6},"end":{"line":226,"column":7}},"108":{"start":{"line":221,"column":23},"end":{"line":221,"column":52}},"109":{"start":{"line":224,"column":8},"end":{"line":224,"column":25}},"110":{"start":{"line":230,"column":4},"end":{"line":230,"column":45}},"111":{"start":{"line":236,"column":24},"end":{"line":299,"column":1}},"112":{"start":{"line":239,"column":22},"end":{"line":240,"column":87}},"113":{"start":{"line":243,"column":4},"end":{"line":246,"column":5}},"114":{"start":{"line":243,"column":17},"end":{"line":243,"column":18}},"115":{"start":{"line":244,"column":23},"end":{"line":244,"column":105}},"116":{"start":{"line":245,"column":6},"end":{"line":245,"column":36}},"117":{"start":{"line":249,"column":23},"end":{"line":250,"column":93}},"118":{"start":{"line":253,"column":4},"end":{"line":256,"column":5}},"119":{"start":{"line":253,"column":17},"end":{"line":253,"column":18}},"120":{"start":{"line":254,"column":23},"end":{"line":254,"column":101}},"121":{"start":{"line":255,"column":6},"end":{"line":255,"column":38}},"122":{"start":{"line":259,"column":37},"end":{"line":260,"column":93}},"123":{"start":{"line":263,"column":4},"end":{"line":266,"column":5}},"124":{"start":{"line":263,"column":17},"end":{"line":263,"column":18}},"125":{"start":{"line":264,"column":30},"end":{"line":264,"column":121}},"126":{"start":{"line":265,"column":6},"end":{"line":265,"column":56}},"127":{"start":{"line":268,"column":4},"end":{"line":268,"column":122}},"128":{"start":{"line":271,"column":24},"end":{"line":271,"column":39}},"129":{"start":{"line":273,"column":22},"end":{"line":274,"column":107}},"130":{"start":{"line":277,"column":37},"end":{"line":277,"column":113}},"131":{"start":{"line":280,"column":39},"end":{"line":280,"column":121}},"132":{"start":{"line":282,"column":4},"end":{"line":283,"column":59}},"133":{"start":{"line":286,"column":21},"end":{"line":286,"column":34}},"134":{"start":{"line":287,"column":19},"end":{"line":287,"column":34}},"135":{"start":{"line":289,"column":4},"end":{"line":289,"column":119}},"136":{"start":{"line":290,"column":4},"end":{"line":290,"column":29}},"137":{"start":{"line":293,"column":21},"end":{"line":293,"column":34}},"138":{"start":{"line":294,"column":19},"end":{"line":294,"column":34}},"139":{"start":{"line":295,"column":4},"end":{"line":295,"column":119}},"140":{"start":{"line":296,"column":4},"end":{"line":296,"column":29}},"141":{"start":{"line":301,"column":26},"end":{"line":387,"column":1}},"142":{"start":{"line":303,"column":15},"end":{"line":303,"column":23}},"143":{"start":{"line":304,"column":4},"end":{"line":311,"column":5}},"144":{"start":{"line":305,"column":29},"end":{"line":305,"column":104}},"145":{"start":{"line":306,"column":6},"end":{"line":308,"column":9}},"146":{"start":{"line":310,"column":6},"end":{"line":310,"column":56}},"147":{"start":{"line":315,"column":4},"end":{"line":315,"column":34}},"148":{"start":{"line":319,"column":25},"end":{"line":319,"column":38}},"149":{"start":{"line":320,"column":15},"end":{"line":320,"column":23}},"150":{"start":{"line":321,"column":25},"end":{"line":321,"column":135}},"151":{"start":{"line":322,"column":4},"end":{"line":326,"column":5}},"152":{"start":{"line":323,"column":6},"end":{"line":323,"column":70}},"153":{"start":{"line":325,"column":6},"end":{"line":325,"column":76}},"154":{"start":{"line":330,"column":15},"end":{"line":330,"column":23}},"155":{"start":{"line":332,"column":19},"end":{"line":338,"column":5}},"156":{"start":{"line":339,"column":4},"end":{"line":340,"column":120}},"157":{"start":{"line":341,"column":4},"end":{"line":341,"column":31}},"158":{"start":{"line":345,"column":25},"end":{"line":345,"column":38}},"159":{"start":{"line":346,"column":15},"end":{"line":346,"column":23}},"160":{"start":{"line":347,"column":25},"end":{"line":347,"column":135}},"161":{"start":{"line":348,"column":4},"end":{"line":352,"column":5}},"162":{"start":{"line":349,"column":6},"end":{"line":349,"column":59}},"163":{"start":{"line":351,"column":6},"end":{"line":351,"column":76}},"164":{"start":{"line":357,"column":27},"end":{"line":357,"column":40}},"165":{"start":{"line":358,"column":15},"end":{"line":358,"column":23}},"166":{"start":{"line":359,"column":25},"end":{"line":359,"column":137}},"167":{"start":{"line":361,"column":4},"end":{"line":374,"column":5}},"168":{"start":{"line":362,"column":21},"end":{"line":362,"column":28}},"169":{"start":{"line":363,"column":6},"end":{"line":363,"column":38}},"170":{"start":{"line":364,"column":6},"end":{"line":364,"column":50}},"171":{"start":{"line":365,"column":6},"end":{"line":369,"column":7}},"172":{"start":{"line":366,"column":8},"end":{"line":366,"column":31}},"173":{"start":{"line":368,"column":8},"end":{"line":368,"column":31}},"174":{"start":{"line":370,"column":6},"end":{"line":370,"column":42}},"175":{"start":{"line":371,"column":6},"end":{"line":371,"column":63}},"176":{"start":{"line":372,"column":6},"end":{"line":373,"column":88}},"177":{"start":{"line":375,"column":4},"end":{"line":375,"column":31}},"178":{"start":{"line":380,"column":27},"end":{"line":380,"column":40}},"179":{"start":{"line":381,"column":15},"end":{"line":381,"column":23}},"180":{"start":{"line":383,"column":4},"end":{"line":383,"column":115}},"181":{"start":{"line":385,"column":4},"end":{"line":385,"column":31}},"182":{"start":{"line":389,"column":0},"end":{"line":389,"column":131}}},"fnMap":{"0":{"name":"keywordToImage","decl":{"start":{"line":14,"column":15},"end":{"line":14,"column":29}},"loc":{"start":{"line":14,"column":39},"end":{"line":20,"column":1}},"line":14},"1":{"name":"(anonymous_1)","decl":{"start":{"line":24,"column":19},"end":{"line":24,"column":20}},"loc":{"start":{"line":24,"column":31},"end":{"line":34,"column":1}},"line":24},"2":{"name":"(anonymous_2)","decl":{"start":{"line":37,"column":9},"end":{"line":37,"column":10}},"loc":{"start":{"line":37,"column":29},"end":{"line":58,"column":3}},"line":37},"3":{"name":"(anonymous_3)","decl":{"start":{"line":43,"column":32},"end":{"line":43,"column":33}},"loc":{"start":{"line":43,"column":40},"end":{"line":43,"column":51}},"line":43},"4":{"name":"(anonymous_4)","decl":{"start":{"line":47,"column":26},"end":{"line":47,"column":27}},"loc":{"start":{"line":47,"column":34},"end":{"line":49,"column":9}},"line":47},"5":{"name":"(anonymous_5)","decl":{"start":{"line":63,"column":7},"end":{"line":63,"column":8}},"loc":{"start":{"line":63,"column":21},"end":{"line":65,"column":3}},"line":63},"6":{"name":"(anonymous_6)","decl":{"start":{"line":66,"column":10},"end":{"line":66,"column":11}},"loc":{"start":{"line":66,"column":30},"end":{"line":93,"column":3}},"line":66},"7":{"name":"(anonymous_7)","decl":{"start":{"line":97,"column":8},"end":{"line":97,"column":9}},"loc":{"start":{"line":97,"column":28},"end":{"line":112,"column":3}},"line":97},"8":{"name":"(anonymous_8)","decl":{"start":{"line":113,"column":14},"end":{"line":113,"column":15}},"loc":{"start":{"line":113,"column":50},"end":{"line":118,"column":3}},"line":113},"9":{"name":"(anonymous_9)","decl":{"start":{"line":119,"column":11},"end":{"line":119,"column":12}},"loc":{"start":{"line":119,"column":30},"end":{"line":122,"column":3}},"line":119},"10":{"name":"(anonymous_10)","decl":{"start":{"line":123,"column":14},"end":{"line":123,"column":15}},"loc":{"start":{"line":123,"column":35},"end":{"line":125,"column":3}},"line":123},"11":{"name":"(anonymous_11)","decl":{"start":{"line":126,"column":13},"end":{"line":126,"column":14}},"loc":{"start":{"line":126,"column":33},"end":{"line":144,"column":3}},"line":126},"12":{"name":"(anonymous_12)","decl":{"start":{"line":148,"column":8},"end":{"line":148,"column":9}},"loc":{"start":{"line":148,"column":28},"end":{"line":184,"column":3}},"line":148},"13":{"name":"(anonymous_13)","decl":{"start":{"line":156,"column":37},"end":{"line":156,"column":38}},"loc":{"start":{"line":156,"column":45},"end":{"line":156,"column":56}},"line":156},"14":{"name":"(anonymous_14)","decl":{"start":{"line":160,"column":28},"end":{"line":160,"column":29}},"loc":{"start":{"line":160,"column":36},"end":{"line":162,"column":11}},"line":160},"15":{"name":"(anonymous_15)","decl":{"start":{"line":186,"column":10},"end":{"line":186,"column":11}},"loc":{"start":{"line":186,"column":30},"end":{"line":231,"column":3}},"line":186},"16":{"name":"(anonymous_16)","decl":{"start":{"line":237,"column":10},"end":{"line":237,"column":11}},"loc":{"start":{"line":237,"column":30},"end":{"line":269,"column":3}},"line":237},"17":{"name":"(anonymous_17)","decl":{"start":{"line":270,"column":18},"end":{"line":270,"column":19}},"loc":{"start":{"line":270,"column":38},"end":{"line":284,"column":3}},"line":270},"18":{"name":"(anonymous_18)","decl":{"start":{"line":285,"column":13},"end":{"line":285,"column":14}},"loc":{"start":{"line":285,"column":33},"end":{"line":291,"column":3}},"line":285},"19":{"name":"(anonymous_19)","decl":{"start":{"line":292,"column":16},"end":{"line":292,"column":17}},"loc":{"start":{"line":292,"column":36},"end":{"line":298,"column":3}},"line":292},"20":{"name":"(anonymous_20)","decl":{"start":{"line":302,"column":8},"end":{"line":302,"column":9}},"loc":{"start":{"line":302,"column":28},"end":{"line":312,"column":3}},"line":302},"21":{"name":"(anonymous_21)","decl":{"start":{"line":314,"column":7},"end":{"line":314,"column":8}},"loc":{"start":{"line":314,"column":21},"end":{"line":316,"column":3}},"line":314},"22":{"name":"(anonymous_22)","decl":{"start":{"line":318,"column":11},"end":{"line":318,"column":12}},"loc":{"start":{"line":318,"column":31},"end":{"line":327,"column":3}},"line":318},"23":{"name":"(anonymous_23)","decl":{"start":{"line":329,"column":10},"end":{"line":329,"column":11}},"loc":{"start":{"line":329,"column":30},"end":{"line":342,"column":3}},"line":329},"24":{"name":"(anonymous_24)","decl":{"start":{"line":344,"column":8},"end":{"line":344,"column":9}},"loc":{"start":{"line":344,"column":28},"end":{"line":353,"column":3}},"line":344},"25":{"name":"(anonymous_25)","decl":{"start":{"line":355,"column":10},"end":{"line":355,"column":11}},"loc":{"start":{"line":355,"column":30},"end":{"line":376,"column":3}},"line":355},"26":{"name":"(anonymous_26)","decl":{"start":{"line":378,"column":10},"end":{"line":378,"column":11}},"loc":{"start":{"line":378,"column":30},"end":{"line":386,"column":3}},"line":378}},"branchMap":{"0":{"loc":{"start":{"line":44,"column":6},"end":{"line":53,"column":7}},"type":"if","locations":[{"start":{"line":44,"column":6},"end":{"line":53,"column":7}},{"start":{"line":51,"column":12},"end":{"line":53,"column":7}}],"line":44},"1":{"loc":{"start":{"line":69,"column":6},"end":{"line":71,"column":7}},"type":"if","locations":[{"start":{"line":69,"column":6},"end":{"line":71,"column":7}},{"start":{},"end":{}}],"line":69},"2":{"loc":{"start":{"line":76,"column":21},"end":{"line":76,"column":44}},"type":"cond-expr","locations":[{"start":{"line":76,"column":28},"end":{"line":76,"column":37}},{"start":{"line":76,"column":40},"end":{"line":76,"column":44}}],"line":76},"3":{"loc":{"start":{"line":79,"column":6},"end":{"line":81,"column":7}},"type":"if","locations":[{"start":{"line":79,"column":6},"end":{"line":81,"column":7}},{"start":{},"end":{}}],"line":79},"4":{"loc":{"start":{"line":104,"column":4},"end":{"line":110,"column":5}},"type":"if","locations":[{"start":{"line":104,"column":4},"end":{"line":110,"column":5}},{"start":{"line":106,"column":9},"end":{"line":110,"column":5}}],"line":104},"5":{"loc":{"start":{"line":104,"column":8},"end":{"line":104,"column":88}},"type":"binary-expr","locations":[{"start":{"line":104,"column":8},"end":{"line":104,"column":26}},{"start":{"line":104,"column":31},"end":{"line":104,"column":57}},{"start":{"line":104,"column":61},"end":{"line":104,"column":87}}],"line":104},"6":{"loc":{"start":{"line":132,"column":4},"end":{"line":143,"column":5}},"type":"if","locations":[{"start":{"line":132,"column":4},"end":{"line":143,"column":5}},{"start":{"line":135,"column":11},"end":{"line":143,"column":5}}],"line":132},"7":{"loc":{"start":{"line":150,"column":4},"end":{"line":183,"column":5}},"type":"if","locations":[{"start":{"line":150,"column":4},"end":{"line":183,"column":5}},{"start":{"line":173,"column":11},"end":{"line":183,"column":5}}],"line":150},"8":{"loc":{"start":{"line":157,"column":8},"end":{"line":168,"column":9}},"type":"if","locations":[{"start":{"line":157,"column":8},"end":{"line":168,"column":9}},{"start":{"line":165,"column":15},"end":{"line":168,"column":9}}],"line":157},"9":{"loc":{"start":{"line":198,"column":19},"end":{"line":198,"column":62}},"type":"cond-expr","locations":[{"start":{"line":198,"column":36},"end":{"line":198,"column":55}},{"start":{"line":198,"column":58},"end":{"line":198,"column":62}}],"line":198},"10":{"loc":{"start":{"line":201,"column":4},"end":{"line":203,"column":5}},"type":"if","locations":[{"start":{"line":201,"column":4},"end":{"line":203,"column":5}},{"start":{},"end":{}}],"line":201},"11":{"loc":{"start":{"line":206,"column":4},"end":{"line":216,"column":5}},"type":"if","locations":[{"start":{"line":206,"column":4},"end":{"line":216,"column":5}},{"start":{},"end":{}}],"line":206},"12":{"loc":{"start":{"line":218,"column":70},"end":{"line":218,"column":105}},"type":"binary-expr","locations":[{"start":{"line":218,"column":70},"end":{"line":218,"column":78}},{"start":{"line":218,"column":82},"end":{"line":218,"column":105}}],"line":218},"13":{"loc":{"start":{"line":322,"column":4},"end":{"line":326,"column":5}},"type":"if","locations":[{"start":{"line":322,"column":4},"end":{"line":326,"column":5}},{"start":{"line":324,"column":11},"end":{"line":326,"column":5}}],"line":322},"14":{"loc":{"start":{"line":348,"column":4},"end":{"line":352,"column":5}},"type":"if","locations":[{"start":{"line":348,"column":4},"end":{"line":352,"column":5}},{"start":{"line":350,"column":11},"end":{"line":352,"column":5}}],"line":348},"15":{"loc":{"start":{"line":361,"column":4},"end":{"line":374,"column":5}},"type":"if","locations":[{"start":{"line":361,"column":4},"end":{"line":374,"column":5}},{"start":{},"end":{}}],"line":361},"16":{"loc":{"start":{"line":365,"column":6},"end":{"line":369,"column":7}},"type":"if","locations":[{"start":{"line":365,"column":6},"end":{"line":369,"column":7}},{"start":{"line":367,"column":13},"end":{"line":369,"column":7}}],"line":365}},"s":{"0":1,"1":1,"2":1,"3":1,"4":2,"5":2,"6":2,"7":2,"8":0,"9":1,"10":1,"11":1,"12":1,"13":0,"14":0,"15":1,"16":1,"17":1,"18":1,"19":0,"20":1,"21":0,"22":0,"23":0,"24":0,"25":0,"26":1,"27":0,"28":0,"29":1,"30":0,"31":1,"32":1,"33":1,"34":0,"35":1,"36":1,"37":1,"38":1,"39":1,"40":1,"41":1,"42":0,"43":0,"44":1,"45":2,"46":2,"47":2,"48":2,"49":1,"50":1,"51":1,"52":1,"53":1,"54":1,"55":1,"56":1,"57":1,"58":1,"59":1,"60":1,"61":1,"62":1,"63":1,"64":0,"65":0,"66":0,"67":0,"68":1,"69":2,"70":2,"71":1,"72":1,"73":1,"74":1,"75":1,"76":1,"77":1,"78":1,"79":1,"80":1,"81":1,"82":0,"83":0,"84":1,"85":1,"86":1,"87":1,"88":1,"89":1,"90":1,"91":1,"92":1,"93":1,"94":1,"95":1,"96":1,"97":1,"98":1,"99":1,"100":1,"101":1,"102":1,"103":1,"104":0,"105":1,"106":1,"107":1,"108":1,"109":0,"110":1,"111":1,"112":1,"113":1,"114":1,"115":1,"116":1,"117":1,"118":1,"119":1,"120":1,"121":1,"122":1,"123":1,"124":1,"125":1,"126":1,"127":1,"128":1,"129":1,"130":1,"131":1,"132":1,"133":1,"134":1,"135":1,"136":1,"137":1,"138":1,"139":1,"140":1,"141":1,"142":1,"143":1,"144":1,"145":1,"146":0,"147":1,"148":1,"149":1,"150":1,"151":1,"152":1,"153":0,"154":1,"155":1,"156":0,"157":0,"158":1,"159":1,"160":1,"161":1,"162":1,"163":0,"164":1,"165":1,"166":1,"167":1,"168":1,"169":1,"170":1,"171":1,"172":0,"173":1,"174":1,"175":1,"176":0,"177":0,"178":1,"179":1,"180":1,"181":1,"182":1},"f":{"0":2,"1":1,"2":1,"3":0,"4":0,"5":0,"6":1,"7":2,"8":1,"9":1,"10":1,"11":1,"12":2,"13":1,"14":1,"15":1,"16":1,"17":1,"18":1,"19":1,"20":1,"21":1,"22":1,"23":1,"24":1,"25":1,"26":1},"b":{"0":[0,1],"1":[0,1],"2":[1,0],"3":[1,0],"4":[1,1],"5":[2,1,0],"6":[1,0],"7":[1,1],"8":[1,0],"9":[1,0],"10":[1,0],"11":[1,0],"12":[1,0],"13":[1,0],"14":[1,0],"15":[1,0],"16":[0,1]},"_coverageSchema":"1a1c01bbd47fc00a2c39e90264f33305004495a9","hash":"04b5e5f8d1446bef21271aef10da8d3ec7f5f3eb"}
,"C:\\Coding Projects\\Agile\\middleware\\checkAuth.js": {"path":"C:\\Coding Projects\\Agile\\middleware\\checkAuth.js","statementMap":{"0":{"start":{"line":1,"column":0},"end":{"line":32,"column":4}},"1":{"start":{"line":3,"column":6},"end":{"line":3,"column":57}},"2":{"start":{"line":4,"column":6},"end":{"line":6,"column":7}},"3":{"start":{"line":5,"column":8},"end":{"line":5,"column":22}},"4":{"start":{"line":7,"column":6},"end":{"line":7,"column":29}},"5":{"start":{"line":10,"column":6},"end":{"line":10,"column":57}},"6":{"start":{"line":11,"column":6},"end":{"line":13,"column":7}},"7":{"start":{"line":12,"column":8},"end":{"line":12,"column":22}},"8":{"start":{"line":14,"column":6},"end":{"line":14,"column":33}},"9":{"start":{"line":17,"column":6},"end":{"line":17,"column":27}},"10":{"start":{"line":18,"column":6},"end":{"line":30,"column":7}},"11":{"start":{"line":19,"column":8},"end":{"line":21,"column":9}},"12":{"start":{"line":20,"column":10},"end":{"line":20,"column":24}},"13":{"start":{"line":22,"column":8},"end":{"line":26,"column":9}},"14":{"start":{"line":23,"column":10},"end":{"line":23,"column":36}},"15":{"start":{"line":25,"column":10},"end":{"line":25,"column":33}},"16":{"start":{"line":28,"column":8},"end":{"line":28,"column":50}},"17":{"start":{"line":29,"column":8},"end":{"line":29,"column":31}}},"fnMap":{"0":{"name":"(anonymous_0)","decl":{"start":{"line":2,"column":25},"end":{"line":2,"column":26}},"loc":{"start":{"line":2,"column":51},"end":{"line":8,"column":5}},"line":2},"1":{"name":"(anonymous_1)","decl":{"start":{"line":9,"column":26},"end":{"line":9,"column":27}},"loc":{"start":{"line":9,"column":52},"end":{"line":15,"column":5}},"line":9},"2":{"name":"(anonymous_2)","decl":{"start":{"line":16,"column":13},"end":{"line":16,"column":14}},"loc":{"start":{"line":16,"column":39},"end":{"line":31,"column":5}},"line":16}},"branchMap":{"0":{"loc":{"start":{"line":4,"column":6},"end":{"line":6,"column":7}},"type":"if","locations":[{"start":{"line":4,"column":6},"end":{"line":6,"column":7}},{"start":{},"end":{}}],"line":4},"1":{"loc":{"start":{"line":11,"column":6},"end":{"line":13,"column":7}},"type":"if","locations":[{"start":{"line":11,"column":6},"end":{"line":13,"column":7}},{"start":{},"end":{}}],"line":11},"2":{"loc":{"start":{"line":19,"column":8},"end":{"line":21,"column":9}},"type":"if","locations":[{"start":{"line":19,"column":8},"end":{"line":21,"column":9}},{"start":{},"end":{}}],"line":19},"3":{"loc":{"start":{"line":19,"column":12},"end":{"line":19,"column":62}},"type":"binary-expr","locations":[{"start":{"line":19,"column":12},"end":{"line":19,"column":37}},{"start":{"line":19,"column":41},"end":{"line":19,"column":62}}],"line":19},"4":{"loc":{"start":{"line":22,"column":8},"end":{"line":26,"column":9}},"type":"if","locations":[{"start":{"line":22,"column":8},"end":{"line":26,"column":9}},{"start":{"line":24,"column":15},"end":{"line":26,"column":9}}],"line":22}},"s":{"0":1,"1":2,"2":2,"3":1,"4":1,"5":1,"6":1,"7":0,"8":1,"9":2,"10":2,"11":2,"12":0,"13":2,"14":1,"15":1,"16":0,"17":0},"f":{"0":2,"1":1,"2":2},"b":{"0":[1,1],"1":[0,1],"2":[0,2],"3":[2,0],"4":[1,1]},"_coverageSchema":"1a1c01bbd47fc00a2c39e90264f33305004495a9","hash":"8f13b22560c5e0e27712d90093f1d7c8fe9fb769"}
,"C:\\Coding Projects\\Agile\\middleware\\passport.js": {"path":"C:\\Coding Projects\\Agile\\middleware\\passport.js","statementMap":{"0":{"start":{"line":2,"column":17},"end":{"line":2,"column":36}},"1":{"start":{"line":3,"column":22},"end":{"line":3,"column":56}},"2":{"start":{"line":5,"column":0},"end":{"line":5,"column":26}},"3":{"start":{"line":7,"column":23},"end":{"line":7,"column":59}},"4":{"start":{"line":8,"column":25},"end":{"line":8,"column":53}},"5":{"start":{"line":9,"column":29},"end":{"line":9,"column":61}},"6":{"start":{"line":10,"column":28},"end":{"line":10,"column":59}},"7":{"start":{"line":13,"column":15},"end":{"line":13,"column":32}},"8":{"start":{"line":14,"column":19},"end":{"line":14,"column":21}},"9":{"start":{"line":17,"column":14},"end":{"line":17,"column":31}},"10":{"start":{"line":18,"column":0},"end":{"line":18,"column":27}},"11":{"start":{"line":20,"column":13},"end":{"line":26,"column":12}},"12":{"start":{"line":28,"column":19},"end":{"line":58,"column":1}},"13":{"start":{"line":35,"column":8},"end":{"line":56,"column":9}},"14":{"start":{"line":36,"column":35},"end":{"line":36,"column":111}},"15":{"start":{"line":37,"column":25},"end":{"line":37,"column":32}},"16":{"start":{"line":38,"column":12},"end":{"line":53,"column":13}},"17":{"start":{"line":39,"column":30},"end":{"line":39,"column":75}},"18":{"start":{"line":40,"column":34},"end":{"line":40,"column":48}},"19":{"start":{"line":42,"column":16},"end":{"line":50,"column":17}},"20":{"start":{"line":43,"column":20},"end":{"line":43,"column":44}},"21":{"start":{"line":45,"column":21},"end":{"line":50,"column":17}},"22":{"start":{"line":46,"column":20},"end":{"line":46,"column":101}},"23":{"start":{"line":49,"column":20},"end":{"line":49,"column":88}},"24":{"start":{"line":52,"column":16},"end":{"line":52,"column":80}},"25":{"start":{"line":55,"column":12},"end":{"line":55,"column":29}},"26":{"start":{"line":60,"column":20},"end":{"line":74,"column":1}},"27":{"start":{"line":68,"column":32},"end":{"line":70,"column":10}},"28":{"start":{"line":69,"column":12},"end":{"line":69,"column":35}},"29":{"start":{"line":76,"column":0},"end":{"line":78,"column":3}},"30":{"start":{"line":77,"column":2},"end":{"line":77,"column":26}},"31":{"start":{"line":80,"column":0},"end":{"line":87,"column":3}},"32":{"start":{"line":81,"column":4},"end":{"line":86,"column":5}},"33":{"start":{"line":82,"column":31},"end":{"line":82,"column":92}},"34":{"start":{"line":83,"column":8},"end":{"line":83,"column":28}},"35":{"start":{"line":85,"column":8},"end":{"line":85,"column":18}},"36":{"start":{"line":89,"column":21},"end":{"line":107,"column":1}},"37":{"start":{"line":90,"column":19},"end":{"line":90,"column":121}},"38":{"start":{"line":92,"column":4},"end":{"line":106,"column":5}},"39":{"start":{"line":93,"column":8},"end":{"line":93,"column":32}},"40":{"start":{"line":96,"column":28},"end":{"line":96,"column":38}},"41":{"start":{"line":97,"column":21},"end":{"line":97,"column":46}},"42":{"start":{"line":98,"column":22},"end":{"line":98,"column":73}},"43":{"start":{"line":99,"column":20},"end":{"line":99,"column":66}},"44":{"start":{"line":100,"column":30},"end":{"line":100,"column":55}},"45":{"start":{"line":102,"column":8},"end":{"line":103,"column":180}},"46":{"start":{"line":104,"column":26},"end":{"line":104,"column":122}},"47":{"start":{"line":105,"column":8},"end":{"line":105,"column":35}},"48":{"start":{"line":110,"column":0},"end":{"line":110,"column":59}}},"fnMap":{"0":{"name":"(anonymous_0)","decl":{"start":{"line":34,"column":4},"end":{"line":34,"column":5}},"loc":{"start":{"line":34,"column":42},"end":{"line":57,"column":5}},"line":34},"1":{"name":"(anonymous_1)","decl":{"start":{"line":66,"column":4},"end":{"line":66,"column":5}},"loc":{"start":{"line":66,"column":55},"end":{"line":72,"column":5}},"line":66},"2":{"name":"(anonymous_2)","decl":{"start":{"line":68,"column":54},"end":{"line":68,"column":55}},"loc":{"start":{"line":68,"column":75},"end":{"line":70,"column":9}},"line":68},"3":{"name":"(anonymous_3)","decl":{"start":{"line":76,"column":23},"end":{"line":76,"column":24}},"loc":{"start":{"line":76,"column":39},"end":{"line":78,"column":1}},"line":76},"4":{"name":"(anonymous_4)","decl":{"start":{"line":80,"column":25},"end":{"line":80,"column":26}},"loc":{"start":{"line":80,"column":45},"end":{"line":87,"column":1}},"line":80},"5":{"name":"(anonymous_5)","decl":{"start":{"line":89,"column":21},"end":{"line":89,"column":22}},"loc":{"start":{"line":89,"column":56},"end":{"line":107,"column":1}},"line":89}},"branchMap":{"0":{"loc":{"start":{"line":38,"column":12},"end":{"line":53,"column":13}},"type":"if","locations":[{"start":{"line":38,"column":12},"end":{"line":53,"column":13}},{"start":{"line":51,"column":19},"end":{"line":53,"column":13}}],"line":38},"1":{"loc":{"start":{"line":42,"column":16},"end":{"line":50,"column":17}},"type":"if","locations":[{"start":{"line":42,"column":16},"end":{"line":50,"column":17}},{"start":{"line":45,"column":21},"end":{"line":50,"column":17}}],"line":42},"2":{"loc":{"start":{"line":42,"column":20},"end":{"line":42,"column":46}},"type":"binary-expr","locations":[{"start":{"line":42,"column":20},"end":{"line":42,"column":25}},{"start":{"line":42,"column":29},"end":{"line":42,"column":46}}],"line":42},"3":{"loc":{"start":{"line":45,"column":21},"end":{"line":50,"column":17}},"type":"if","locations":[{"start":{"line":45,"column":21},"end":{"line":50,"column":17}},{"start":{"line":48,"column":21},"end":{"line":50,"column":17}}],"line":45},"4":{"loc":{"start":{"line":45,"column":24},"end":{"line":45,"column":43}},"type":"binary-expr","locations":[{"start":{"line":45,"column":24},"end":{"line":45,"column":29}},{"start":{"line":45,"column":33},"end":{"line":45,"column":43}}],"line":45},"5":{"loc":{"start":{"line":92,"column":4},"end":{"line":106,"column":5}},"type":"if","locations":[{"start":{"line":92,"column":4},"end":{"line":106,"column":5}},{"start":{"line":94,"column":11},"end":{"line":106,"column":5}}],"line":92}},"s":{"0":2,"1":2,"2":2,"3":2,"4":2,"5":2,"6":2,"7":2,"8":2,"9":2,"10":2,"11":2,"12":2,"13":4,"14":4,"15":4,"16":4,"17":3,"18":3,"19":3,"20":1,"21":2,"22":1,"23":1,"24":1,"25":0,"26":2,"27":0,"28":0,"29":2,"30":0,"31":2,"32":0,"33":0,"34":0,"35":0,"36":2,"37":0,"38":0,"39":0,"40":0,"41":0,"42":0,"43":0,"44":0,"45":0,"46":0,"47":0,"48":2},"f":{"0":4,"1":0,"2":0,"3":0,"4":0,"5":0},"b":{"0":[3,1],"1":[1,2],"2":[3,2],"3":[1,1],"4":[2,1],"5":[0,0]},"_coverageSchema":"1a1c01bbd47fc00a2c39e90264f33305004495a9","hash":"1ae2e01b9a8f562f24ce70743529ed60952881dc"}
}
