{"C:\\Coding Projects\\Agile\\controller\\auth_controller.js": {"path":"C:\\Coding Projects\\Agile\\controller\\auth_controller.js","statementMap":{"0":{"start":{"line":1,"column":15},"end":{"line":1,"column":48}},"1":{"start":{"line":2,"column":17},"end":{"line":2,"column":38}},"2":{"start":{"line":5,"column":15},"end":{"line":5,"column":32}},"3":{"start":{"line":6,"column":19},"end":{"line":6,"column":21}},"4":{"start":{"line":9,"column":15},"end":{"line":9,"column":32}},"5":{"start":{"line":12,"column":14},"end":{"line":12,"column":31}},"6":{"start":{"line":13,"column":0},"end":{"line":13,"column":27}},"7":{"start":{"line":15,"column":18},"end":{"line":21,"column":2}},"8":{"start":{"line":23,"column":13},"end":{"line":29,"column":12}},"9":{"start":{"line":31,"column":21},"end":{"line":247,"column":1}},"10":{"start":{"line":33,"column":24},"end":{"line":33,"column":42}},"11":{"start":{"line":34,"column":18},"end":{"line":34,"column":68}},"12":{"start":{"line":35,"column":4},"end":{"line":35,"column":50}},"13":{"start":{"line":39,"column":4},"end":{"line":39,"column":74}},"14":{"start":{"line":47,"column":4},"end":{"line":111,"column":5}},"15":{"start":{"line":48,"column":48},"end":{"line":48,"column":56}},"16":{"start":{"line":51,"column":8},"end":{"line":54,"column":9}},"17":{"start":{"line":52,"column":12},"end":{"line":53,"column":41}},"18":{"start":{"line":57,"column":19},"end":{"line":57,"column":95}},"19":{"start":{"line":58,"column":6},"end":{"line":61,"column":7}},"20":{"start":{"line":59,"column":8},"end":{"line":60,"column":39}},"21":{"start":{"line":62,"column":6},"end":{"line":64,"column":7}},"22":{"start":{"line":63,"column":8},"end":{"line":63,"column":141}},"23":{"start":{"line":67,"column":6},"end":{"line":71,"column":7}},"24":{"start":{"line":68,"column":8},"end":{"line":70,"column":11}},"25":{"start":{"line":74,"column":29},"end":{"line":74,"column":57}},"26":{"start":{"line":77,"column":32},"end":{"line":77,"column":70}},"27":{"start":{"line":80,"column":26},"end":{"line":80,"column":36}},"28":{"start":{"line":81,"column":19},"end":{"line":81,"column":44}},"29":{"start":{"line":82,"column":20},"end":{"line":82,"column":71}},"30":{"start":{"line":83,"column":18},"end":{"line":83,"column":64}},"31":{"start":{"line":84,"column":28},"end":{"line":84,"column":53}},"32":{"start":{"line":87,"column":6},"end":{"line":88,"column":104}},"33":{"start":{"line":91,"column":24},"end":{"line":96,"column":7}},"34":{"start":{"line":98,"column":6},"end":{"line":104,"column":9}},"35":{"start":{"line":99,"column":8},"end":{"line":103,"column":9}},"36":{"start":{"line":100,"column":10},"end":{"line":100,"column":29}},"37":{"start":{"line":102,"column":10},"end":{"line":102,"column":54}},"38":{"start":{"line":107,"column":6},"end":{"line":107,"column":29}},"39":{"start":{"line":110,"column":6},"end":{"line":110,"column":54}},"40":{"start":{"line":118,"column":4},"end":{"line":120,"column":7}},"41":{"start":{"line":119,"column":6},"end":{"line":119,"column":31}},"42":{"start":{"line":119,"column":15},"end":{"line":119,"column":31}},"43":{"start":{"line":121,"column":4},"end":{"line":121,"column":27}},"44":{"start":{"line":124,"column":4},"end":{"line":124,"column":63}},"45":{"start":{"line":125,"column":4},"end":{"line":125,"column":21}},"46":{"start":{"line":126,"column":4},"end":{"line":132,"column":5}},"47":{"start":{"line":127,"column":6},"end":{"line":129,"column":7}},"48":{"start":{"line":128,"column":8},"end":{"line":128,"column":64}},"49":{"start":{"line":131,"column":6},"end":{"line":131,"column":22}},"50":{"start":{"line":133,"column":4},"end":{"line":133,"column":90}},"51":{"start":{"line":136,"column":4},"end":{"line":142,"column":6}},"52":{"start":{"line":137,"column":6},"end":{"line":141,"column":7}},"53":{"start":{"line":138,"column":8},"end":{"line":138,"column":33}},"54":{"start":{"line":140,"column":8},"end":{"line":140,"column":30}},"55":{"start":{"line":145,"column":4},"end":{"line":145,"column":79}},"56":{"start":{"line":148,"column":24},"end":{"line":148,"column":44}},"57":{"start":{"line":149,"column":22},"end":{"line":149,"column":40}},"58":{"start":{"line":150,"column":21},"end":{"line":150,"column":38}},"59":{"start":{"line":153,"column":4},"end":{"line":156,"column":5}},"60":{"start":{"line":154,"column":6},"end":{"line":155,"column":37}},"61":{"start":{"line":160,"column":19},"end":{"line":160,"column":99}},"62":{"start":{"line":162,"column":4},"end":{"line":222,"column":5}},"63":{"start":{"line":164,"column":20},"end":{"line":164,"column":58}},"64":{"start":{"line":167,"column":6},"end":{"line":168,"column":146}},"65":{"start":{"line":171,"column":24},"end":{"line":176,"column":7}},"66":{"start":{"line":178,"column":6},"end":{"line":184,"column":9}},"67":{"start":{"line":179,"column":8},"end":{"line":183,"column":9}},"68":{"start":{"line":180,"column":10},"end":{"line":180,"column":29}},"69":{"start":{"line":182,"column":10},"end":{"line":182,"column":54}},"70":{"start":{"line":186,"column":6},"end":{"line":187,"column":37}},"71":{"start":{"line":189,"column":9},"end":{"line":222,"column":5}},"72":{"start":{"line":190,"column":6},"end":{"line":197,"column":7}},"73":{"start":{"line":191,"column":8},"end":{"line":194,"column":9}},"74":{"start":{"line":192,"column":10},"end":{"line":193,"column":41}},"75":{"start":{"line":195,"column":31},"end":{"line":195,"column":59}},"76":{"start":{"line":196,"column":8},"end":{"line":196,"column":115}},"77":{"start":{"line":199,"column":6},"end":{"line":199,"column":74}},"78":{"start":{"line":202,"column":6},"end":{"line":205,"column":7}},"79":{"start":{"line":203,"column":8},"end":{"line":204,"column":39}},"80":{"start":{"line":206,"column":21},"end":{"line":206,"column":109}},"81":{"start":{"line":208,"column":8},"end":{"line":221,"column":9}},"82":{"start":{"line":209,"column":10},"end":{"line":209,"column":117}},"83":{"start":{"line":211,"column":10},"end":{"line":211,"column":110}},"84":{"start":{"line":213,"column":33},"end":{"line":213,"column":61}},"85":{"start":{"line":214,"column":10},"end":{"line":214,"column":125}},"86":{"start":{"line":216,"column":10},"end":{"line":216,"column":78}},"87":{"start":{"line":219,"column":10},"end":{"line":220,"column":41}},"88":{"start":{"line":225,"column":18},"end":{"line":225,"column":34}},"89":{"start":{"line":226,"column":4},"end":{"line":245,"column":5}},"90":{"start":{"line":227,"column":24},"end":{"line":227,"column":123}},"91":{"start":{"line":228,"column":6},"end":{"line":240,"column":7}},"92":{"start":{"line":229,"column":26},"end":{"line":229,"column":46}},"93":{"start":{"line":230,"column":31},"end":{"line":230,"column":56}},"94":{"start":{"line":231,"column":8},"end":{"line":231,"column":118}},"95":{"start":{"line":235,"column":8},"end":{"line":235,"column":124}},"96":{"start":{"line":236,"column":8},"end":{"line":236,"column":106}},"97":{"start":{"line":237,"column":8},"end":{"line":237,"column":56}},"98":{"start":{"line":239,"column":8},"end":{"line":239,"column":48}},"99":{"start":{"line":243,"column":6},"end":{"line":243,"column":53}},"100":{"start":{"line":244,"column":6},"end":{"line":244,"column":52}},"101":{"start":{"line":251,"column":2},"end":{"line":256,"column":3}},"102":{"start":{"line":252,"column":17},"end":{"line":252,"column":49}},"103":{"start":{"line":253,"column":4},"end":{"line":253,"column":45}},"104":{"start":{"line":255,"column":4},"end":{"line":255,"column":46}},"105":{"start":{"line":260,"column":28},"end":{"line":260,"column":66}},"106":{"start":{"line":261,"column":2},"end":{"line":261,"column":129}},"107":{"start":{"line":263,"column":20},"end":{"line":268,"column":3}},"108":{"start":{"line":270,"column":2},"end":{"line":276,"column":5}},"109":{"start":{"line":271,"column":4},"end":{"line":275,"column":5}},"110":{"start":{"line":272,"column":6},"end":{"line":272,"column":25}},"111":{"start":{"line":274,"column":6},"end":{"line":274,"column":50}},"112":{"start":{"line":279,"column":2},"end":{"line":279,"column":32}},"113":{"start":{"line":283,"column":0},"end":{"line":283,"column":70}}},"fnMap":{"0":{"name":"(anonymous_0)","decl":{"start":{"line":32,"column":9},"end":{"line":32,"column":10}},"loc":{"start":{"line":32,"column":23},"end":{"line":36,"column":3}},"line":32},"1":{"name":"(anonymous_1)","decl":{"start":{"line":38,"column":12},"end":{"line":38,"column":13}},"loc":{"start":{"line":38,"column":26},"end":{"line":40,"column":3}},"line":38},"2":{"name":"(anonymous_2)","decl":{"start":{"line":46,"column":18},"end":{"line":46,"column":19}},"loc":{"start":{"line":46,"column":38},"end":{"line":112,"column":3}},"line":46},"3":{"name":"(anonymous_3)","decl":{"start":{"line":98,"column":46},"end":{"line":98,"column":47}},"loc":{"start":{"line":98,"column":69},"end":{"line":104,"column":7}},"line":98},"4":{"name":"(anonymous_4)","decl":{"start":{"line":117,"column":10},"end":{"line":117,"column":11}},"loc":{"start":{"line":117,"column":24},"end":{"line":122,"column":3}},"line":117},"5":{"name":"(anonymous_5)","decl":{"start":{"line":118,"column":15},"end":{"line":118,"column":16}},"loc":{"start":{"line":118,"column":22},"end":{"line":120,"column":5}},"line":118},"6":{"name":"(anonymous_6)","decl":{"start":{"line":123,"column":14},"end":{"line":123,"column":15}},"loc":{"start":{"line":123,"column":28},"end":{"line":134,"column":3}},"line":123},"7":{"name":"(anonymous_7)","decl":{"start":{"line":135,"column":17},"end":{"line":135,"column":18}},"loc":{"start":{"line":135,"column":31},"end":{"line":143,"column":3}},"line":135},"8":{"name":"(anonymous_8)","decl":{"start":{"line":136,"column":51},"end":{"line":136,"column":52}},"loc":{"start":{"line":136,"column":60},"end":{"line":142,"column":5}},"line":136},"9":{"name":"(anonymous_9)","decl":{"start":{"line":144,"column":16},"end":{"line":144,"column":17}},"loc":{"start":{"line":144,"column":30},"end":{"line":146,"column":3}},"line":144},"10":{"name":"(anonymous_10)","decl":{"start":{"line":147,"column":21},"end":{"line":147,"column":22}},"loc":{"start":{"line":147,"column":41},"end":{"line":223,"column":3}},"line":147},"11":{"name":"(anonymous_11)","decl":{"start":{"line":178,"column":46},"end":{"line":178,"column":47}},"loc":{"start":{"line":178,"column":69},"end":{"line":184,"column":7}},"line":178},"12":{"name":"(anonymous_12)","decl":{"start":{"line":224,"column":22},"end":{"line":224,"column":23}},"loc":{"start":{"line":224,"column":42},"end":{"line":246,"column":3}},"line":224},"13":{"name":"hashPassword","decl":{"start":{"line":250,"column":15},"end":{"line":250,"column":27}},"loc":{"start":{"line":250,"column":38},"end":{"line":257,"column":1}},"line":250},"14":{"name":"sendConfirmationEmail","decl":{"start":{"line":259,"column":15},"end":{"line":259,"column":36}},"loc":{"start":{"line":259,"column":76},"end":{"line":280,"column":1}},"line":259},"15":{"name":"(anonymous_15)","decl":{"start":{"line":270,"column":42},"end":{"line":270,"column":43}},"loc":{"start":{"line":270,"column":65},"end":{"line":276,"column":3}},"line":270}},"branchMap":{"0":{"loc":{"start":{"line":34,"column":18},"end":{"line":34,"column":68}},"type":"cond-expr","locations":[{"start":{"line":34,"column":45},"end":{"line":34,"column":61}},{"start":{"line":34,"column":64},"end":{"line":34,"column":68}}],"line":34},"1":{"loc":{"start":{"line":51,"column":8},"end":{"line":54,"column":9}},"type":"if","locations":[{"start":{"line":51,"column":8},"end":{"line":54,"column":9}},{"start":{},"end":{}}],"line":51},"2":{"loc":{"start":{"line":51,"column":12},"end":{"line":51,"column":53}},"type":"binary-expr","locations":[{"start":{"line":51,"column":12},"end":{"line":51,"column":17}},{"start":{"line":51,"column":21},"end":{"line":51,"column":27}},{"start":{"line":51,"column":31},"end":{"line":51,"column":40}},{"start":{"line":51,"column":44},"end":{"line":51,"column":53}}],"line":51},"3":{"loc":{"start":{"line":58,"column":6},"end":{"line":61,"column":7}},"type":"if","locations":[{"start":{"line":58,"column":6},"end":{"line":61,"column":7}},{"start":{},"end":{}}],"line":58},"4":{"loc":{"start":{"line":62,"column":6},"end":{"line":64,"column":7}},"type":"if","locations":[{"start":{"line":62,"column":6},"end":{"line":64,"column":7}},{"start":{},"end":{}}],"line":62},"5":{"loc":{"start":{"line":67,"column":6},"end":{"line":71,"column":7}},"type":"if","locations":[{"start":{"line":67,"column":6},"end":{"line":71,"column":7}},{"start":{},"end":{}}],"line":67},"6":{"loc":{"start":{"line":99,"column":8},"end":{"line":103,"column":9}},"type":"if","locations":[{"start":{"line":99,"column":8},"end":{"line":103,"column":9}},{"start":{"line":101,"column":15},"end":{"line":103,"column":9}}],"line":99},"7":{"loc":{"start":{"line":119,"column":6},"end":{"line":119,"column":31}},"type":"if","locations":[{"start":{"line":119,"column":6},"end":{"line":119,"column":31}},{"start":{},"end":{}}],"line":119},"8":{"loc":{"start":{"line":137,"column":6},"end":{"line":141,"column":7}},"type":"if","locations":[{"start":{"line":137,"column":6},"end":{"line":141,"column":7}},{"start":{"line":139,"column":13},"end":{"line":141,"column":7}}],"line":137},"9":{"loc":{"start":{"line":153,"column":4},"end":{"line":156,"column":5}},"type":"if","locations":[{"start":{"line":153,"column":4},"end":{"line":156,"column":5}},{"start":{},"end":{}}],"line":153},"10":{"loc":{"start":{"line":162,"column":4},"end":{"line":222,"column":5}},"type":"if","locations":[{"start":{"line":162,"column":4},"end":{"line":222,"column":5}},{"start":{"line":189,"column":9},"end":{"line":222,"column":5}}],"line":162},"11":{"loc":{"start":{"line":162,"column":8},"end":{"line":162,"column":64}},"type":"binary-expr","locations":[{"start":{"line":162,"column":8},"end":{"line":162,"column":23}},{"start":{"line":162,"column":27},"end":{"line":162,"column":64}}],"line":162},"12":{"loc":{"start":{"line":179,"column":8},"end":{"line":183,"column":9}},"type":"if","locations":[{"start":{"line":179,"column":8},"end":{"line":183,"column":9}},{"start":{"line":181,"column":15},"end":{"line":183,"column":9}}],"line":179},"13":{"loc":{"start":{"line":189,"column":9},"end":{"line":222,"column":5}},"type":"if","locations":[{"start":{"line":189,"column":9},"end":{"line":222,"column":5}},{"start":{"line":201,"column":9},"end":{"line":222,"column":5}}],"line":189},"14":{"loc":{"start":{"line":189,"column":12},"end":{"line":189,"column":68}},"type":"binary-expr","locations":[{"start":{"line":189,"column":12},"end":{"line":189,"column":27}},{"start":{"line":189,"column":31},"end":{"line":189,"column":68}}],"line":189},"15":{"loc":{"start":{"line":190,"column":6},"end":{"line":197,"column":7}},"type":"if","locations":[{"start":{"line":190,"column":6},"end":{"line":197,"column":7}},{"start":{},"end":{}}],"line":190},"16":{"loc":{"start":{"line":191,"column":8},"end":{"line":194,"column":9}},"type":"if","locations":[{"start":{"line":191,"column":8},"end":{"line":194,"column":9}},{"start":{},"end":{}}],"line":191},"17":{"loc":{"start":{"line":202,"column":6},"end":{"line":205,"column":7}},"type":"if","locations":[{"start":{"line":202,"column":6},"end":{"line":205,"column":7}},{"start":{},"end":{}}],"line":202},"18":{"loc":{"start":{"line":208,"column":8},"end":{"line":221,"column":9}},"type":"if","locations":[{"start":{"line":208,"column":8},"end":{"line":221,"column":9}},{"start":{"line":218,"column":13},"end":{"line":221,"column":9}}],"line":208},"19":{"loc":{"start":{"line":228,"column":6},"end":{"line":240,"column":7}},"type":"if","locations":[{"start":{"line":228,"column":6},"end":{"line":240,"column":7}},{"start":{"line":238,"column":13},"end":{"line":240,"column":7}}],"line":228},"20":{"loc":{"start":{"line":271,"column":4},"end":{"line":275,"column":5}},"type":"if","locations":[{"start":{"line":271,"column":4},"end":{"line":275,"column":5}},{"start":{"line":273,"column":11},"end":{"line":275,"column":5}}],"line":271}},"s":{"0":1,"1":1,"2":1,"3":1,"4":1,"5":1,"6":1,"7":1,"8":1,"9":1,"10":2,"11":2,"12":2,"13":1,"14":7,"15":7,"16":7,"17":1,"18":6,"19":6,"20":1,"21":4,"22":1,"23":3,"24":1,"25":2,"26":2,"27":2,"28":2,"29":2,"30":2,"31":2,"32":2,"33":2,"34":2,"35":0,"36":0,"37":0,"38":2,"39":3,"40":1,"41":0,"42":0,"43":1,"44":0,"45":0,"46":0,"47":0,"48":0,"49":0,"50":0,"51":0,"52":0,"53":0,"54":0,"55":0,"56":5,"57":5,"58":5,"59":5,"60":1,"61":4,"62":4,"63":1,"64":1,"65":1,"66":1,"67":0,"68":0,"69":0,"70":1,"71":3,"72":3,"73":1,"74":1,"75":0,"76":0,"77":2,"78":0,"79":0,"80":0,"81":0,"82":0,"83":0,"84":0,"85":0,"86":0,"87":0,"88":0,"89":0,"90":0,"91":0,"92":0,"93":0,"94":0,"95":0,"96":0,"97":0,"98":0,"99":0,"100":0,"101":5,"102":5,"103":5,"104":2,"105":2,"106":2,"107":2,"108":2,"109":0,"110":0,"111":0,"112":2,"113":1},"f":{"0":2,"1":1,"2":7,"3":0,"4":1,"5":0,"6":0,"7":0,"8":0,"9":0,"10":5,"11":0,"12":0,"13":5,"14":2,"15":0},"b":{"0":[1,1],"1":[1,6],"2":[7,6,6,6],"3":[1,4],"4":[1,3],"5":[1,2],"6":[0,0],"7":[0,0],"8":[0,0],"9":[1,4],"10":[1,3],"11":[4,4],"12":[0,0],"13":[3,0],"14":[3,3],"15":[1,2],"16":[1,0],"17":[0,0],"18":[0,0],"19":[0,0],"20":[0,0]},"_coverageSchema":"1a1c01bbd47fc00a2c39e90264f33305004495a9","hash":"2f386e368967cbb1cf7c57d5655f5bd936f28ed0"}
,"C:\\Coding Projects\\Agile\\controller\\interaction_controller.js": {"path":"C:\\Coding Projects\\Agile\\controller\\interaction_controller.js","statementMap":{"0":{"start":{"line":2,"column":14},"end":{"line":2,"column":31}},"1":{"start":{"line":3,"column":15},"end":{"line":3,"column":56}},"2":{"start":{"line":4,"column":0},"end":{"line":4,"column":27}},"3":{"start":{"line":6,"column":13},"end":{"line":12,"column":12}},"4":{"start":{"line":15,"column":2},"end":{"line":27,"column":3}},"5":{"start":{"line":16,"column":16},"end":{"line":16,"column":136}},"6":{"start":{"line":17,"column":21},"end":{"line":17,"column":37}},"7":{"start":{"line":18,"column":17},"end":{"line":18,"column":38}},"8":{"start":{"line":19,"column":4},"end":{"line":21,"column":5}},"9":{"start":{"line":20,"column":6},"end":{"line":20,"column":18}},"10":{"start":{"line":22,"column":21},"end":{"line":22,"column":49}},"11":{"start":{"line":23,"column":4},"end":{"line":23,"column":20}},"12":{"start":{"line":25,"column":4},"end":{"line":25,"column":50}},"13":{"start":{"line":26,"column":4},"end":{"line":26,"column":31}},"14":{"start":{"line":32,"column":19},"end":{"line":42,"column":1}},"15":{"start":{"line":33,"column":2},"end":{"line":41,"column":3}},"16":{"start":{"line":35,"column":29},"end":{"line":35,"column":87}},"17":{"start":{"line":37,"column":6},"end":{"line":37,"column":18}},"18":{"start":{"line":39,"column":6},"end":{"line":39,"column":52}},"19":{"start":{"line":40,"column":6},"end":{"line":40,"column":18}},"20":{"start":{"line":44,"column":27},"end":{"line":109,"column":1}},"21":{"start":{"line":46,"column":4},"end":{"line":86,"column":5}},"22":{"start":{"line":47,"column":22},"end":{"line":47,"column":60}},"23":{"start":{"line":48,"column":22},"end":{"line":48,"column":52}},"24":{"start":{"line":48,"column":40},"end":{"line":48,"column":51}},"25":{"start":{"line":50,"column":6},"end":{"line":52,"column":7}},"26":{"start":{"line":51,"column":8},"end":{"line":51,"column":123}},"27":{"start":{"line":54,"column":22},"end":{"line":54,"column":122}},"28":{"start":{"line":55,"column":26},"end":{"line":55,"column":28}},"29":{"start":{"line":56,"column":6},"end":{"line":58,"column":9}},"30":{"start":{"line":57,"column":8},"end":{"line":57,"column":100}},"31":{"start":{"line":60,"column":19},"end":{"line":60,"column":34}},"32":{"start":{"line":61,"column":24},"end":{"line":61,"column":112}},"33":{"start":{"line":63,"column":25},"end":{"line":73,"column":9}},"34":{"start":{"line":64,"column":28},"end":{"line":64,"column":81}},"35":{"start":{"line":65,"column":30},"end":{"line":65,"column":123}},"36":{"start":{"line":66,"column":8},"end":{"line":72,"column":10}},"37":{"start":{"line":76,"column":29},"end":{"line":79,"column":9}},"38":{"start":{"line":77,"column":28},"end":{"line":77,"column":102}},"39":{"start":{"line":78,"column":8},"end":{"line":78,"column":64}},"40":{"start":{"line":81,"column":6},"end":{"line":81,"column":143}},"41":{"start":{"line":84,"column":6},"end":{"line":84,"column":61}},"42":{"start":{"line":85,"column":6},"end":{"line":85,"column":52}},"43":{"start":{"line":89,"column":4},"end":{"line":107,"column":5}},"44":{"start":{"line":90,"column":21},"end":{"line":90,"column":36}},"45":{"start":{"line":91,"column":21},"end":{"line":91,"column":38}},"46":{"start":{"line":93,"column":29},"end":{"line":93,"column":122}},"47":{"start":{"line":95,"column":6},"end":{"line":103,"column":7}},"48":{"start":{"line":96,"column":8},"end":{"line":96,"column":100}},"49":{"start":{"line":97,"column":8},"end":{"line":97,"column":89}},"50":{"start":{"line":98,"column":8},"end":{"line":98,"column":57}},"51":{"start":{"line":100,"column":8},"end":{"line":100,"column":99}},"52":{"start":{"line":101,"column":8},"end":{"line":101,"column":89}},"53":{"start":{"line":102,"column":8},"end":{"line":102,"column":56}},"54":{"start":{"line":105,"column":6},"end":{"line":105,"column":58}},"55":{"start":{"line":106,"column":6},"end":{"line":106,"column":52}},"56":{"start":{"line":117,"column":22},"end":{"line":203,"column":1}},"57":{"start":{"line":119,"column":4},"end":{"line":141,"column":5}},"58":{"start":{"line":121,"column":19},"end":{"line":121,"column":34}},"59":{"start":{"line":122,"column":24},"end":{"line":122,"column":112}},"60":{"start":{"line":124,"column":25},"end":{"line":134,"column":9}},"61":{"start":{"line":125,"column":28},"end":{"line":125,"column":81}},"62":{"start":{"line":126,"column":30},"end":{"line":126,"column":123}},"63":{"start":{"line":127,"column":8},"end":{"line":133,"column":10}},"64":{"start":{"line":137,"column":6},"end":{"line":137,"column":64}},"65":{"start":{"line":139,"column":6},"end":{"line":139,"column":64}},"66":{"start":{"line":140,"column":6},"end":{"line":140,"column":52}},"67":{"start":{"line":144,"column":4},"end":{"line":167,"column":5}},"68":{"start":{"line":145,"column":19},"end":{"line":145,"column":27}},"69":{"start":{"line":148,"column":20},"end":{"line":148,"column":34}},"70":{"start":{"line":149,"column":26},"end":{"line":149,"column":46}},"71":{"start":{"line":151,"column":21},"end":{"line":151,"column":44}},"72":{"start":{"line":154,"column":6},"end":{"line":156,"column":7}},"73":{"start":{"line":155,"column":8},"end":{"line":155,"column":48}},"74":{"start":{"line":159,"column":6},"end":{"line":160,"column":59}},"75":{"start":{"line":163,"column":6},"end":{"line":163,"column":50}},"76":{"start":{"line":165,"column":6},"end":{"line":165,"column":37}},"77":{"start":{"line":166,"column":6},"end":{"line":166,"column":52}},"78":{"start":{"line":170,"column":4},"end":{"line":194,"column":5}},"79":{"start":{"line":171,"column":21},"end":{"line":171,"column":34}},"80":{"start":{"line":172,"column":21},"end":{"line":172,"column":86}},"81":{"start":{"line":174,"column":6},"end":{"line":176,"column":7}},"82":{"start":{"line":175,"column":8},"end":{"line":175,"column":54}},"83":{"start":{"line":177,"column":32},"end":{"line":177,"column":148}},"84":{"start":{"line":178,"column":31},"end":{"line":178,"column":151}},"85":{"start":{"line":180,"column":21},"end":{"line":180,"column":94}},"86":{"start":{"line":182,"column":6},"end":{"line":186,"column":7}},"87":{"start":{"line":182,"column":19},"end":{"line":182,"column":20}},"88":{"start":{"line":183,"column":31},"end":{"line":183,"column":115}},"89":{"start":{"line":184,"column":8},"end":{"line":184,"column":63}},"90":{"start":{"line":185,"column":8},"end":{"line":185,"column":75}},"91":{"start":{"line":189,"column":6},"end":{"line":190,"column":76}},"92":{"start":{"line":192,"column":6},"end":{"line":192,"column":37}},"93":{"start":{"line":193,"column":6},"end":{"line":193,"column":52}},"94":{"start":{"line":197,"column":19},"end":{"line":197,"column":32}},"95":{"start":{"line":198,"column":27},"end":{"line":198,"column":43}},"96":{"start":{"line":199,"column":4},"end":{"line":199,"column":147}},"97":{"start":{"line":200,"column":4},"end":{"line":200,"column":36}},"98":{"start":{"line":205,"column":21},"end":{"line":283,"column":1}},"99":{"start":{"line":207,"column":17},"end":{"line":207,"column":32}},"100":{"start":{"line":209,"column":18},"end":{"line":209,"column":31}},"101":{"start":{"line":211,"column":29},"end":{"line":211,"column":117}},"102":{"start":{"line":213,"column":22},"end":{"line":235,"column":7}},"103":{"start":{"line":214,"column":6},"end":{"line":234,"column":7}},"104":{"start":{"line":215,"column":27},"end":{"line":215,"column":121}},"105":{"start":{"line":216,"column":17},"end":{"line":222,"column":9}},"106":{"start":{"line":223,"column":8},"end":{"line":223,"column":20}},"107":{"start":{"line":225,"column":27},"end":{"line":225,"column":121}},"108":{"start":{"line":226,"column":17},"end":{"line":232,"column":9}},"109":{"start":{"line":233,"column":8},"end":{"line":233,"column":20}},"110":{"start":{"line":238,"column":29},"end":{"line":238,"column":98}},"111":{"start":{"line":239,"column":25},"end":{"line":239,"column":94}},"112":{"start":{"line":241,"column":24},"end":{"line":241,"column":92}},"113":{"start":{"line":243,"column":33},"end":{"line":243,"column":110}},"114":{"start":{"line":245,"column":4},"end":{"line":249,"column":5}},"115":{"start":{"line":246,"column":6},"end":{"line":246,"column":31}},"116":{"start":{"line":248,"column":6},"end":{"line":248,"column":149}},"117":{"start":{"line":254,"column":4},"end":{"line":254,"column":131}},"118":{"start":{"line":256,"column":4},"end":{"line":256,"column":122}},"119":{"start":{"line":259,"column":25},"end":{"line":259,"column":94}},"120":{"start":{"line":260,"column":4},"end":{"line":260,"column":16}},"121":{"start":{"line":263,"column":4},"end":{"line":263,"column":75}},"122":{"start":{"line":266,"column":15},"end":{"line":266,"column":30}},"123":{"start":{"line":267,"column":22},"end":{"line":267,"column":35}},"124":{"start":{"line":268,"column":25},"end":{"line":268,"column":150}},"125":{"start":{"line":270,"column":4},"end":{"line":281,"column":5}},"126":{"start":{"line":271,"column":20},"end":{"line":271,"column":35}},"127":{"start":{"line":272,"column":6},"end":{"line":272,"column":39}},"128":{"start":{"line":274,"column":6},"end":{"line":274,"column":140}},"129":{"start":{"line":276,"column":31},"end":{"line":276,"column":156}},"130":{"start":{"line":278,"column":20},"end":{"line":278,"column":37}},"131":{"start":{"line":280,"column":6},"end":{"line":280,"column":39}},"132":{"start":{"line":285,"column":25},"end":{"line":391,"column":1}},"133":{"start":{"line":287,"column":21},"end":{"line":287,"column":34}},"134":{"start":{"line":288,"column":25},"end":{"line":288,"column":40}},"135":{"start":{"line":290,"column":4},"end":{"line":321,"column":5}},"136":{"start":{"line":292,"column":27},"end":{"line":292,"column":97}},"137":{"start":{"line":293,"column":8},"end":{"line":296,"column":9}},"138":{"start":{"line":295,"column":12},"end":{"line":295,"column":58}},"139":{"start":{"line":299,"column":27},"end":{"line":299,"column":97}},"140":{"start":{"line":302,"column":24},"end":{"line":302,"column":57}},"141":{"start":{"line":302,"column":45},"end":{"line":302,"column":56}},"142":{"start":{"line":303,"column":28},"end":{"line":303,"column":30}},"143":{"start":{"line":304,"column":8},"end":{"line":309,"column":9}},"144":{"start":{"line":305,"column":32},"end":{"line":305,"column":132}},"145":{"start":{"line":306,"column":12},"end":{"line":308,"column":15}},"146":{"start":{"line":307,"column":16},"end":{"line":307,"column":108}},"147":{"start":{"line":312,"column":31},"end":{"line":315,"column":11}},"148":{"start":{"line":313,"column":32},"end":{"line":313,"column":106}},"149":{"start":{"line":314,"column":12},"end":{"line":314,"column":68}},"150":{"start":{"line":317,"column":8},"end":{"line":317,"column":111}},"151":{"start":{"line":319,"column":8},"end":{"line":319,"column":58}},"152":{"start":{"line":320,"column":8},"end":{"line":320,"column":54}},"153":{"start":{"line":325,"column":23},"end":{"line":325,"column":36}},"154":{"start":{"line":326,"column":22},"end":{"line":326,"column":39}},"155":{"start":{"line":327,"column":22},"end":{"line":327,"column":39}},"156":{"start":{"line":328,"column":21},"end":{"line":328,"column":37}},"157":{"start":{"line":329,"column":24},"end":{"line":329,"column":43}},"158":{"start":{"line":330,"column":19},"end":{"line":330,"column":33}},"159":{"start":{"line":331,"column":4},"end":{"line":331,"column":30}},"160":{"start":{"line":333,"column":27},"end":{"line":333,"column":35}},"161":{"start":{"line":336,"column":19},"end":{"line":336,"column":62}},"162":{"start":{"line":339,"column":4},"end":{"line":341,"column":5}},"163":{"start":{"line":340,"column":6},"end":{"line":340,"column":46}},"164":{"start":{"line":344,"column":4},"end":{"line":354,"column":5}},"165":{"start":{"line":345,"column":18},"end":{"line":345,"column":50}},"166":{"start":{"line":346,"column":21},"end":{"line":346,"column":36}},"167":{"start":{"line":347,"column":6},"end":{"line":353,"column":7}},"168":{"start":{"line":348,"column":23},"end":{"line":348,"column":52}},"169":{"start":{"line":351,"column":8},"end":{"line":351,"column":25}},"170":{"start":{"line":355,"column":18},"end":{"line":355,"column":128}},"171":{"start":{"line":356,"column":21},"end":{"line":356,"column":120}},"172":{"start":{"line":358,"column":6},"end":{"line":364,"column":7}},"173":{"start":{"line":359,"column":23},"end":{"line":359,"column":52}},"174":{"start":{"line":362,"column":8},"end":{"line":362,"column":25}},"175":{"start":{"line":368,"column":4},"end":{"line":368,"column":45}},"176":{"start":{"line":371,"column":4},"end":{"line":389,"column":5}},"177":{"start":{"line":372,"column":21},"end":{"line":372,"column":36}},"178":{"start":{"line":373,"column":21},"end":{"line":373,"column":38}},"179":{"start":{"line":375,"column":29},"end":{"line":375,"column":120}},"180":{"start":{"line":377,"column":6},"end":{"line":385,"column":7}},"181":{"start":{"line":378,"column":8},"end":{"line":378,"column":98}},"182":{"start":{"line":379,"column":8},"end":{"line":379,"column":89}},"183":{"start":{"line":380,"column":8},"end":{"line":380,"column":57}},"184":{"start":{"line":382,"column":8},"end":{"line":382,"column":97}},"185":{"start":{"line":383,"column":8},"end":{"line":383,"column":89}},"186":{"start":{"line":384,"column":8},"end":{"line":384,"column":56}},"187":{"start":{"line":387,"column":6},"end":{"line":387,"column":58}},"188":{"start":{"line":388,"column":6},"end":{"line":388,"column":52}},"189":{"start":{"line":396,"column":24},"end":{"line":459,"column":1}},"190":{"start":{"line":399,"column":22},"end":{"line":400,"column":87}},"191":{"start":{"line":403,"column":4},"end":{"line":406,"column":5}},"192":{"start":{"line":403,"column":17},"end":{"line":403,"column":18}},"193":{"start":{"line":404,"column":23},"end":{"line":404,"column":105}},"194":{"start":{"line":405,"column":6},"end":{"line":405,"column":36}},"195":{"start":{"line":409,"column":23},"end":{"line":410,"column":93}},"196":{"start":{"line":413,"column":4},"end":{"line":416,"column":5}},"197":{"start":{"line":413,"column":17},"end":{"line":413,"column":18}},"198":{"start":{"line":414,"column":23},"end":{"line":414,"column":101}},"199":{"start":{"line":415,"column":6},"end":{"line":415,"column":38}},"200":{"start":{"line":419,"column":37},"end":{"line":420,"column":93}},"201":{"start":{"line":423,"column":4},"end":{"line":426,"column":5}},"202":{"start":{"line":423,"column":17},"end":{"line":423,"column":18}},"203":{"start":{"line":424,"column":30},"end":{"line":424,"column":121}},"204":{"start":{"line":425,"column":6},"end":{"line":425,"column":56}},"205":{"start":{"line":428,"column":4},"end":{"line":428,"column":122}},"206":{"start":{"line":431,"column":24},"end":{"line":431,"column":39}},"207":{"start":{"line":433,"column":22},"end":{"line":434,"column":107}},"208":{"start":{"line":437,"column":37},"end":{"line":437,"column":113}},"209":{"start":{"line":440,"column":39},"end":{"line":440,"column":121}},"210":{"start":{"line":442,"column":4},"end":{"line":443,"column":59}},"211":{"start":{"line":446,"column":21},"end":{"line":446,"column":34}},"212":{"start":{"line":447,"column":19},"end":{"line":447,"column":34}},"213":{"start":{"line":449,"column":4},"end":{"line":449,"column":119}},"214":{"start":{"line":450,"column":4},"end":{"line":450,"column":29}},"215":{"start":{"line":453,"column":21},"end":{"line":453,"column":34}},"216":{"start":{"line":454,"column":19},"end":{"line":454,"column":34}},"217":{"start":{"line":455,"column":4},"end":{"line":455,"column":119}},"218":{"start":{"line":456,"column":4},"end":{"line":456,"column":29}},"219":{"start":{"line":461,"column":26},"end":{"line":547,"column":1}},"220":{"start":{"line":463,"column":15},"end":{"line":463,"column":23}},"221":{"start":{"line":464,"column":4},"end":{"line":471,"column":5}},"222":{"start":{"line":465,"column":29},"end":{"line":465,"column":104}},"223":{"start":{"line":466,"column":6},"end":{"line":468,"column":9}},"224":{"start":{"line":470,"column":6},"end":{"line":470,"column":56}},"225":{"start":{"line":475,"column":4},"end":{"line":475,"column":34}},"226":{"start":{"line":479,"column":25},"end":{"line":479,"column":38}},"227":{"start":{"line":480,"column":15},"end":{"line":480,"column":23}},"228":{"start":{"line":481,"column":25},"end":{"line":481,"column":135}},"229":{"start":{"line":482,"column":4},"end":{"line":486,"column":5}},"230":{"start":{"line":483,"column":6},"end":{"line":483,"column":70}},"231":{"start":{"line":485,"column":6},"end":{"line":485,"column":76}},"232":{"start":{"line":490,"column":15},"end":{"line":490,"column":23}},"233":{"start":{"line":492,"column":19},"end":{"line":498,"column":5}},"234":{"start":{"line":499,"column":4},"end":{"line":500,"column":120}},"235":{"start":{"line":501,"column":4},"end":{"line":501,"column":31}},"236":{"start":{"line":505,"column":25},"end":{"line":505,"column":38}},"237":{"start":{"line":506,"column":15},"end":{"line":506,"column":23}},"238":{"start":{"line":507,"column":25},"end":{"line":507,"column":135}},"239":{"start":{"line":508,"column":4},"end":{"line":512,"column":5}},"240":{"start":{"line":509,"column":6},"end":{"line":509,"column":59}},"241":{"start":{"line":511,"column":6},"end":{"line":511,"column":76}},"242":{"start":{"line":517,"column":27},"end":{"line":517,"column":40}},"243":{"start":{"line":518,"column":15},"end":{"line":518,"column":23}},"244":{"start":{"line":519,"column":25},"end":{"line":519,"column":137}},"245":{"start":{"line":521,"column":4},"end":{"line":534,"column":5}},"246":{"start":{"line":522,"column":21},"end":{"line":522,"column":28}},"247":{"start":{"line":523,"column":6},"end":{"line":523,"column":38}},"248":{"start":{"line":524,"column":6},"end":{"line":524,"column":50}},"249":{"start":{"line":525,"column":6},"end":{"line":529,"column":7}},"250":{"start":{"line":526,"column":8},"end":{"line":526,"column":31}},"251":{"start":{"line":528,"column":8},"end":{"line":528,"column":31}},"252":{"start":{"line":530,"column":6},"end":{"line":530,"column":42}},"253":{"start":{"line":531,"column":6},"end":{"line":531,"column":63}},"254":{"start":{"line":532,"column":6},"end":{"line":533,"column":88}},"255":{"start":{"line":535,"column":4},"end":{"line":535,"column":31}},"256":{"start":{"line":540,"column":27},"end":{"line":540,"column":40}},"257":{"start":{"line":541,"column":15},"end":{"line":541,"column":23}},"258":{"start":{"line":543,"column":4},"end":{"line":543,"column":115}},"259":{"start":{"line":545,"column":4},"end":{"line":545,"column":31}},"260":{"start":{"line":549,"column":0},"end":{"line":549,"column":131}}},"fnMap":{"0":{"name":"keywordToImage","decl":{"start":{"line":14,"column":15},"end":{"line":14,"column":29}},"loc":{"start":{"line":14,"column":44},"end":{"line":28,"column":1}},"line":14},"1":{"name":"(anonymous_1)","decl":{"start":{"line":32,"column":19},"end":{"line":32,"column":20}},"loc":{"start":{"line":32,"column":31},"end":{"line":42,"column":1}},"line":32},"2":{"name":"(anonymous_2)","decl":{"start":{"line":45,"column":9},"end":{"line":45,"column":10}},"loc":{"start":{"line":45,"column":29},"end":{"line":87,"column":3}},"line":45},"3":{"name":"(anonymous_3)","decl":{"start":{"line":48,"column":32},"end":{"line":48,"column":33}},"loc":{"start":{"line":48,"column":40},"end":{"line":48,"column":51}},"line":48},"4":{"name":"(anonymous_4)","decl":{"start":{"line":56,"column":20},"end":{"line":56,"column":21}},"loc":{"start":{"line":56,"column":28},"end":{"line":58,"column":7}},"line":56},"5":{"name":"(anonymous_5)","decl":{"start":{"line":63,"column":55},"end":{"line":63,"column":56}},"loc":{"start":{"line":63,"column":68},"end":{"line":73,"column":7}},"line":63},"6":{"name":"(anonymous_6)","decl":{"start":{"line":76,"column":57},"end":{"line":76,"column":58}},"loc":{"start":{"line":76,"column":71},"end":{"line":79,"column":7}},"line":76},"7":{"name":"(anonymous_7)","decl":{"start":{"line":88,"column":12},"end":{"line":88,"column":13}},"loc":{"start":{"line":88,"column":32},"end":{"line":108,"column":3}},"line":88},"8":{"name":"(anonymous_8)","decl":{"start":{"line":118,"column":7},"end":{"line":118,"column":8}},"loc":{"start":{"line":118,"column":27},"end":{"line":142,"column":3}},"line":118},"9":{"name":"(anonymous_9)","decl":{"start":{"line":124,"column":55},"end":{"line":124,"column":56}},"loc":{"start":{"line":124,"column":68},"end":{"line":134,"column":7}},"line":124},"10":{"name":"(anonymous_10)","decl":{"start":{"line":143,"column":10},"end":{"line":143,"column":11}},"loc":{"start":{"line":143,"column":30},"end":{"line":168,"column":3}},"line":143},"11":{"name":"(anonymous_11)","decl":{"start":{"line":169,"column":8},"end":{"line":169,"column":9}},"loc":{"start":{"line":169,"column":28},"end":{"line":195,"column":3}},"line":169},"12":{"name":"(anonymous_12)","decl":{"start":{"line":196,"column":11},"end":{"line":196,"column":12}},"loc":{"start":{"line":196,"column":31},"end":{"line":201,"column":3}},"line":196},"13":{"name":"(anonymous_13)","decl":{"start":{"line":206,"column":8},"end":{"line":206,"column":9}},"loc":{"start":{"line":206,"column":28},"end":{"line":251,"column":3}},"line":206},"14":{"name":"(anonymous_14)","decl":{"start":{"line":213,"column":52},"end":{"line":213,"column":53}},"loc":{"start":{"line":213,"column":65},"end":{"line":235,"column":5}},"line":213},"15":{"name":"(anonymous_15)","decl":{"start":{"line":252,"column":14},"end":{"line":252,"column":15}},"loc":{"start":{"line":252,"column":50},"end":{"line":257,"column":3}},"line":252},"16":{"name":"(anonymous_16)","decl":{"start":{"line":258,"column":11},"end":{"line":258,"column":12}},"loc":{"start":{"line":258,"column":30},"end":{"line":261,"column":3}},"line":258},"17":{"name":"(anonymous_17)","decl":{"start":{"line":262,"column":14},"end":{"line":262,"column":15}},"loc":{"start":{"line":262,"column":35},"end":{"line":264,"column":3}},"line":262},"18":{"name":"(anonymous_18)","decl":{"start":{"line":265,"column":13},"end":{"line":265,"column":14}},"loc":{"start":{"line":265,"column":33},"end":{"line":282,"column":3}},"line":265},"19":{"name":"(anonymous_19)","decl":{"start":{"line":286,"column":8},"end":{"line":286,"column":9}},"loc":{"start":{"line":286,"column":28},"end":{"line":322,"column":1}},"line":286},"20":{"name":"(anonymous_20)","decl":{"start":{"line":302,"column":37},"end":{"line":302,"column":38}},"loc":{"start":{"line":302,"column":45},"end":{"line":302,"column":56}},"line":302},"21":{"name":"(anonymous_21)","decl":{"start":{"line":306,"column":30},"end":{"line":306,"column":31}},"loc":{"start":{"line":306,"column":38},"end":{"line":308,"column":13}},"line":306},"22":{"name":"(anonymous_22)","decl":{"start":{"line":312,"column":62},"end":{"line":312,"column":63}},"loc":{"start":{"line":312,"column":76},"end":{"line":315,"column":9}},"line":312},"23":{"name":"(anonymous_23)","decl":{"start":{"line":324,"column":10},"end":{"line":324,"column":11}},"loc":{"start":{"line":324,"column":30},"end":{"line":369,"column":3}},"line":324},"24":{"name":"(anonymous_24)","decl":{"start":{"line":370,"column":12},"end":{"line":370,"column":13}},"loc":{"start":{"line":370,"column":32},"end":{"line":390,"column":3}},"line":370},"25":{"name":"(anonymous_25)","decl":{"start":{"line":397,"column":10},"end":{"line":397,"column":11}},"loc":{"start":{"line":397,"column":30},"end":{"line":429,"column":3}},"line":397},"26":{"name":"(anonymous_26)","decl":{"start":{"line":430,"column":18},"end":{"line":430,"column":19}},"loc":{"start":{"line":430,"column":38},"end":{"line":444,"column":3}},"line":430},"27":{"name":"(anonymous_27)","decl":{"start":{"line":445,"column":13},"end":{"line":445,"column":14}},"loc":{"start":{"line":445,"column":33},"end":{"line":451,"column":3}},"line":445},"28":{"name":"(anonymous_28)","decl":{"start":{"line":452,"column":16},"end":{"line":452,"column":17}},"loc":{"start":{"line":452,"column":36},"end":{"line":458,"column":3}},"line":452},"29":{"name":"(anonymous_29)","decl":{"start":{"line":462,"column":8},"end":{"line":462,"column":9}},"loc":{"start":{"line":462,"column":28},"end":{"line":472,"column":3}},"line":462},"30":{"name":"(anonymous_30)","decl":{"start":{"line":474,"column":7},"end":{"line":474,"column":8}},"loc":{"start":{"line":474,"column":21},"end":{"line":476,"column":3}},"line":474},"31":{"name":"(anonymous_31)","decl":{"start":{"line":478,"column":11},"end":{"line":478,"column":12}},"loc":{"start":{"line":478,"column":31},"end":{"line":487,"column":3}},"line":478},"32":{"name":"(anonymous_32)","decl":{"start":{"line":489,"column":10},"end":{"line":489,"column":11}},"loc":{"start":{"line":489,"column":30},"end":{"line":502,"column":3}},"line":489},"33":{"name":"(anonymous_33)","decl":{"start":{"line":504,"column":8},"end":{"line":504,"column":9}},"loc":{"start":{"line":504,"column":28},"end":{"line":513,"column":3}},"line":504},"34":{"name":"(anonymous_34)","decl":{"start":{"line":515,"column":10},"end":{"line":515,"column":11}},"loc":{"start":{"line":515,"column":30},"end":{"line":536,"column":3}},"line":515},"35":{"name":"(anonymous_35)","decl":{"start":{"line":538,"column":10},"end":{"line":538,"column":11}},"loc":{"start":{"line":538,"column":30},"end":{"line":546,"column":3}},"line":538}},"branchMap":{"0":{"loc":{"start":{"line":19,"column":4},"end":{"line":21,"column":5}},"type":"if","locations":[{"start":{"line":19,"column":4},"end":{"line":21,"column":5}},{"start":{},"end":{}}],"line":19},"1":{"loc":{"start":{"line":50,"column":6},"end":{"line":52,"column":7}},"type":"if","locations":[{"start":{"line":50,"column":6},"end":{"line":52,"column":7}},{"start":{},"end":{}}],"line":50},"2":{"loc":{"start":{"line":64,"column":28},"end":{"line":64,"column":81}},"type":"cond-expr","locations":[{"start":{"line":64,"column":54},"end":{"line":64,"column":66}},{"start":{"line":64,"column":69},"end":{"line":64,"column":81}}],"line":64},"3":{"loc":{"start":{"line":78,"column":37},"end":{"line":78,"column":61}},"type":"binary-expr","locations":[{"start":{"line":78,"column":37},"end":{"line":78,"column":56}},{"start":{"line":78,"column":60},"end":{"line":78,"column":61}}],"line":78},"4":{"loc":{"start":{"line":95,"column":6},"end":{"line":103,"column":7}},"type":"if","locations":[{"start":{"line":95,"column":6},"end":{"line":103,"column":7}},{"start":{"line":99,"column":13},"end":{"line":103,"column":7}}],"line":95},"5":{"loc":{"start":{"line":125,"column":28},"end":{"line":125,"column":81}},"type":"cond-expr","locations":[{"start":{"line":125,"column":54},"end":{"line":125,"column":66}},{"start":{"line":125,"column":69},"end":{"line":125,"column":81}}],"line":125},"6":{"loc":{"start":{"line":151,"column":21},"end":{"line":151,"column":44}},"type":"cond-expr","locations":[{"start":{"line":151,"column":28},"end":{"line":151,"column":37}},{"start":{"line":151,"column":40},"end":{"line":151,"column":44}}],"line":151},"7":{"loc":{"start":{"line":154,"column":6},"end":{"line":156,"column":7}},"type":"if","locations":[{"start":{"line":154,"column":6},"end":{"line":156,"column":7}},{"start":{},"end":{}}],"line":154},"8":{"loc":{"start":{"line":174,"column":6},"end":{"line":176,"column":7}},"type":"if","locations":[{"start":{"line":174,"column":6},"end":{"line":176,"column":7}},{"start":{},"end":{}}],"line":174},"9":{"loc":{"start":{"line":214,"column":6},"end":{"line":234,"column":7}},"type":"if","locations":[{"start":{"line":214,"column":6},"end":{"line":234,"column":7}},{"start":{"line":224,"column":13},"end":{"line":234,"column":7}}],"line":214},"10":{"loc":{"start":{"line":241,"column":24},"end":{"line":241,"column":92}},"type":"cond-expr","locations":[{"start":{"line":241,"column":53},"end":{"line":241,"column":71}},{"start":{"line":241,"column":74},"end":{"line":241,"column":92}}],"line":241},"11":{"loc":{"start":{"line":245,"column":4},"end":{"line":249,"column":5}},"type":"if","locations":[{"start":{"line":245,"column":4},"end":{"line":249,"column":5}},{"start":{"line":247,"column":9},"end":{"line":249,"column":5}}],"line":245},"12":{"loc":{"start":{"line":245,"column":8},"end":{"line":245,"column":88}},"type":"binary-expr","locations":[{"start":{"line":245,"column":8},"end":{"line":245,"column":26}},{"start":{"line":245,"column":31},"end":{"line":245,"column":57}},{"start":{"line":245,"column":61},"end":{"line":245,"column":87}}],"line":245},"13":{"loc":{"start":{"line":270,"column":4},"end":{"line":281,"column":5}},"type":"if","locations":[{"start":{"line":270,"column":4},"end":{"line":281,"column":5}},{"start":{"line":273,"column":11},"end":{"line":281,"column":5}}],"line":270},"14":{"loc":{"start":{"line":293,"column":8},"end":{"line":296,"column":9}},"type":"if","locations":[{"start":{"line":293,"column":8},"end":{"line":296,"column":9}},{"start":{},"end":{}}],"line":293},"15":{"loc":{"start":{"line":304,"column":8},"end":{"line":309,"column":9}},"type":"if","locations":[{"start":{"line":304,"column":8},"end":{"line":309,"column":9}},{"start":{},"end":{}}],"line":304},"16":{"loc":{"start":{"line":314,"column":41},"end":{"line":314,"column":65}},"type":"binary-expr","locations":[{"start":{"line":314,"column":41},"end":{"line":314,"column":60}},{"start":{"line":314,"column":64},"end":{"line":314,"column":65}}],"line":314},"17":{"loc":{"start":{"line":336,"column":19},"end":{"line":336,"column":62}},"type":"cond-expr","locations":[{"start":{"line":336,"column":36},"end":{"line":336,"column":55}},{"start":{"line":336,"column":58},"end":{"line":336,"column":62}}],"line":336},"18":{"loc":{"start":{"line":339,"column":4},"end":{"line":341,"column":5}},"type":"if","locations":[{"start":{"line":339,"column":4},"end":{"line":341,"column":5}},{"start":{},"end":{}}],"line":339},"19":{"loc":{"start":{"line":344,"column":4},"end":{"line":354,"column":5}},"type":"if","locations":[{"start":{"line":344,"column":4},"end":{"line":354,"column":5}},{"start":{},"end":{}}],"line":344},"20":{"loc":{"start":{"line":356,"column":70},"end":{"line":356,"column":105}},"type":"binary-expr","locations":[{"start":{"line":356,"column":70},"end":{"line":356,"column":78}},{"start":{"line":356,"column":82},"end":{"line":356,"column":105}}],"line":356},"21":{"loc":{"start":{"line":377,"column":6},"end":{"line":385,"column":7}},"type":"if","locations":[{"start":{"line":377,"column":6},"end":{"line":385,"column":7}},{"start":{"line":381,"column":13},"end":{"line":385,"column":7}}],"line":377},"22":{"loc":{"start":{"line":482,"column":4},"end":{"line":486,"column":5}},"type":"if","locations":[{"start":{"line":482,"column":4},"end":{"line":486,"column":5}},{"start":{"line":484,"column":11},"end":{"line":486,"column":5}}],"line":482},"23":{"loc":{"start":{"line":508,"column":4},"end":{"line":512,"column":5}},"type":"if","locations":[{"start":{"line":508,"column":4},"end":{"line":512,"column":5}},{"start":{"line":510,"column":11},"end":{"line":512,"column":5}}],"line":508},"24":{"loc":{"start":{"line":521,"column":4},"end":{"line":534,"column":5}},"type":"if","locations":[{"start":{"line":521,"column":4},"end":{"line":534,"column":5}},{"start":{},"end":{}}],"line":521},"25":{"loc":{"start":{"line":525,"column":6},"end":{"line":529,"column":7}},"type":"if","locations":[{"start":{"line":525,"column":6},"end":{"line":529,"column":7}},{"start":{"line":527,"column":13},"end":{"line":529,"column":7}}],"line":525}},"s":{"0":1,"1":1,"2":1,"3":1,"4":2,"5":2,"6":2,"7":2,"8":2,"9":2,"10":0,"11":0,"12":0,"13":0,"14":1,"15":0,"16":0,"17":0,"18":0,"19":0,"20":1,"21":1,"22":1,"23":1,"24":0,"25":1,"26":1,"27":0,"28":0,"29":0,"30":0,"31":0,"32":0,"33":0,"34":0,"35":0,"36":0,"37":0,"38":0,"39":0,"40":0,"41":0,"42":0,"43":0,"44":0,"45":0,"46":0,"47":0,"48":0,"49":0,"50":0,"51":0,"52":0,"53":0,"54":0,"55":0,"56":1,"57":0,"58":0,"59":0,"60":0,"61":0,"62":0,"63":0,"64":0,"65":0,"66":0,"67":1,"68":1,"69":1,"70":1,"71":1,"72":1,"73":1,"74":1,"75":1,"76":0,"77":0,"78":0,"79":0,"80":0,"81":0,"82":0,"83":0,"84":0,"85":0,"86":0,"87":0,"88":0,"89":0,"90":0,"91":0,"92":0,"93":0,"94":0,"95":0,"96":0,"97":0,"98":1,"99":2,"100":2,"101":2,"102":2,"103":1,"104":1,"105":1,"106":1,"107":0,"108":0,"109":0,"110":2,"111":0,"112":0,"113":0,"114":0,"115":0,"116":0,"117":1,"118":1,"119":1,"120":1,"121":1,"122":1,"123":1,"124":1,"125":1,"126":1,"127":1,"128":0,"129":0,"130":0,"131":0,"132":1,"133":2,"134":2,"135":2,"136":2,"137":2,"138":0,"139":2,"140":2,"141":2,"142":2,"143":2,"144":2,"145":1,"146":1,"147":1,"148":1,"149":0,"150":0,"151":2,"152":2,"153":1,"154":1,"155":1,"156":1,"157":1,"158":1,"159":1,"160":1,"161":1,"162":1,"163":1,"164":1,"165":1,"166":1,"167":1,"168":1,"169":0,"170":1,"171":1,"172":1,"173":1,"174":0,"175":1,"176":0,"177":0,"178":0,"179":0,"180":0,"181":0,"182":0,"183":0,"184":0,"185":0,"186":0,"187":0,"188":0,"189":1,"190":1,"191":1,"192":1,"193":1,"194":1,"195":1,"196":1,"197":1,"198":1,"199":1,"200":1,"201":1,"202":1,"203":1,"204":1,"205":1,"206":1,"207":1,"208":1,"209":1,"210":1,"211":1,"212":1,"213":1,"214":1,"215":1,"216":1,"217":1,"218":1,"219":1,"220":1,"221":1,"222":1,"223":1,"224":0,"225":1,"226":1,"227":1,"228":1,"229":1,"230":1,"231":0,"232":1,"233":1,"234":1,"235":1,"236":1,"237":1,"238":1,"239":1,"240":1,"241":0,"242":1,"243":1,"244":1,"245":1,"246":1,"247":1,"248":1,"249":1,"250":0,"251":1,"252":1,"253":1,"254":1,"255":1,"256":1,"257":1,"258":1,"259":1,"260":1},"f":{"0":2,"1":0,"2":1,"3":0,"4":0,"5":0,"6":0,"7":0,"8":0,"9":0,"10":1,"11":0,"12":0,"13":2,"14":1,"15":1,"16":1,"17":1,"18":1,"19":2,"20":2,"21":1,"22":1,"23":1,"24":0,"25":1,"26":1,"27":1,"28":1,"29":1,"30":1,"31":1,"32":1,"33":1,"34":1,"35":1},"b":{"0":[2,0],"1":[1,0],"2":[0,0],"3":[0,0],"4":[0,0],"5":[0,0],"6":[1,0],"7":[1,0],"8":[0,0],"9":[1,0],"10":[0,0],"11":[0,0],"12":[0,0,0],"13":[1,0],"14":[0,2],"15":[2,0],"16":[0,0],"17":[1,0],"18":[1,0],"19":[1,0],"20":[1,0],"21":[0,0],"22":[1,0],"23":[1,0],"24":[1,0],"25":[0,1]},"_coverageSchema":"1a1c01bbd47fc00a2c39e90264f33305004495a9","hash":"a881253831665988ebb14ad8b5c27a39a4299e4b"}
,"C:\\Coding Projects\\Agile\\middleware\\checkAuth.js": {"path":"C:\\Coding Projects\\Agile\\middleware\\checkAuth.js","statementMap":{"0":{"start":{"line":1,"column":0},"end":{"line":30,"column":4}},"1":{"start":{"line":3,"column":6},"end":{"line":3,"column":57}},"2":{"start":{"line":4,"column":6},"end":{"line":6,"column":7}},"3":{"start":{"line":5,"column":8},"end":{"line":5,"column":22}},"4":{"start":{"line":7,"column":6},"end":{"line":7,"column":29}},"5":{"start":{"line":10,"column":6},"end":{"line":10,"column":57}},"6":{"start":{"line":11,"column":6},"end":{"line":13,"column":7}},"7":{"start":{"line":12,"column":8},"end":{"line":12,"column":22}},"8":{"start":{"line":14,"column":6},"end":{"line":14,"column":33}},"9":{"start":{"line":17,"column":6},"end":{"line":17,"column":27}},"10":{"start":{"line":18,"column":6},"end":{"line":28,"column":7}},"11":{"start":{"line":19,"column":8},"end":{"line":24,"column":9}},"12":{"start":{"line":20,"column":12},"end":{"line":20,"column":26}},"13":{"start":{"line":23,"column":12},"end":{"line":23,"column":30}},"14":{"start":{"line":26,"column":8},"end":{"line":26,"column":50}},"15":{"start":{"line":27,"column":8},"end":{"line":27,"column":31}}},"fnMap":{"0":{"name":"(anonymous_0)","decl":{"start":{"line":2,"column":25},"end":{"line":2,"column":26}},"loc":{"start":{"line":2,"column":51},"end":{"line":8,"column":5}},"line":2},"1":{"name":"(anonymous_1)","decl":{"start":{"line":9,"column":26},"end":{"line":9,"column":27}},"loc":{"start":{"line":9,"column":52},"end":{"line":15,"column":5}},"line":9},"2":{"name":"(anonymous_2)","decl":{"start":{"line":16,"column":13},"end":{"line":16,"column":14}},"loc":{"start":{"line":16,"column":39},"end":{"line":29,"column":5}},"line":16}},"branchMap":{"0":{"loc":{"start":{"line":4,"column":6},"end":{"line":6,"column":7}},"type":"if","locations":[{"start":{"line":4,"column":6},"end":{"line":6,"column":7}},{"start":{},"end":{}}],"line":4},"1":{"loc":{"start":{"line":11,"column":6},"end":{"line":13,"column":7}},"type":"if","locations":[{"start":{"line":11,"column":6},"end":{"line":13,"column":7}},{"start":{},"end":{}}],"line":11},"2":{"loc":{"start":{"line":19,"column":8},"end":{"line":24,"column":9}},"type":"if","locations":[{"start":{"line":19,"column":8},"end":{"line":24,"column":9}},{"start":{"line":22,"column":13},"end":{"line":24,"column":9}}],"line":19}},"s":{"0":1,"1":2,"2":2,"3":1,"4":1,"5":1,"6":1,"7":0,"8":1,"9":2,"10":2,"11":2,"12":0,"13":2,"14":0,"15":0},"f":{"0":2,"1":1,"2":2},"b":{"0":[1,1],"1":[0,1],"2":[0,2]},"_coverageSchema":"1a1c01bbd47fc00a2c39e90264f33305004495a9","hash":"61611e65fd0eb7402c6bc6d39a4034bda7b7c1fc"}
,"C:\\Coding Projects\\Agile\\middleware\\passport.js": {"path":"C:\\Coding Projects\\Agile\\middleware\\passport.js","statementMap":{"0":{"start":{"line":2,"column":17},"end":{"line":2,"column":36}},"1":{"start":{"line":3,"column":22},"end":{"line":3,"column":56}},"2":{"start":{"line":5,"column":0},"end":{"line":5,"column":26}},"3":{"start":{"line":7,"column":23},"end":{"line":7,"column":59}},"4":{"start":{"line":8,"column":25},"end":{"line":8,"column":53}},"5":{"start":{"line":9,"column":29},"end":{"line":9,"column":61}},"6":{"start":{"line":10,"column":28},"end":{"line":10,"column":59}},"7":{"start":{"line":13,"column":15},"end":{"line":13,"column":32}},"8":{"start":{"line":14,"column":19},"end":{"line":14,"column":21}},"9":{"start":{"line":17,"column":14},"end":{"line":17,"column":31}},"10":{"start":{"line":18,"column":0},"end":{"line":18,"column":27}},"11":{"start":{"line":20,"column":13},"end":{"line":26,"column":12}},"12":{"start":{"line":28,"column":19},"end":{"line":58,"column":1}},"13":{"start":{"line":35,"column":8},"end":{"line":56,"column":9}},"14":{"start":{"line":36,"column":35},"end":{"line":36,"column":111}},"15":{"start":{"line":37,"column":25},"end":{"line":37,"column":32}},"16":{"start":{"line":38,"column":12},"end":{"line":53,"column":13}},"17":{"start":{"line":39,"column":30},"end":{"line":39,"column":75}},"18":{"start":{"line":40,"column":34},"end":{"line":40,"column":48}},"19":{"start":{"line":42,"column":16},"end":{"line":50,"column":17}},"20":{"start":{"line":43,"column":20},"end":{"line":43,"column":44}},"21":{"start":{"line":45,"column":21},"end":{"line":50,"column":17}},"22":{"start":{"line":46,"column":20},"end":{"line":46,"column":101}},"23":{"start":{"line":49,"column":20},"end":{"line":49,"column":88}},"24":{"start":{"line":52,"column":16},"end":{"line":52,"column":80}},"25":{"start":{"line":55,"column":12},"end":{"line":55,"column":29}},"26":{"start":{"line":60,"column":20},"end":{"line":74,"column":1}},"27":{"start":{"line":68,"column":32},"end":{"line":70,"column":10}},"28":{"start":{"line":69,"column":12},"end":{"line":69,"column":35}},"29":{"start":{"line":76,"column":0},"end":{"line":78,"column":3}},"30":{"start":{"line":77,"column":2},"end":{"line":77,"column":26}},"31":{"start":{"line":80,"column":0},"end":{"line":87,"column":3}},"32":{"start":{"line":81,"column":4},"end":{"line":86,"column":5}},"33":{"start":{"line":82,"column":31},"end":{"line":82,"column":92}},"34":{"start":{"line":83,"column":8},"end":{"line":83,"column":28}},"35":{"start":{"line":85,"column":8},"end":{"line":85,"column":18}},"36":{"start":{"line":89,"column":21},"end":{"line":107,"column":1}},"37":{"start":{"line":90,"column":19},"end":{"line":90,"column":121}},"38":{"start":{"line":92,"column":4},"end":{"line":106,"column":5}},"39":{"start":{"line":93,"column":8},"end":{"line":93,"column":32}},"40":{"start":{"line":96,"column":28},"end":{"line":96,"column":38}},"41":{"start":{"line":97,"column":21},"end":{"line":97,"column":46}},"42":{"start":{"line":98,"column":22},"end":{"line":98,"column":73}},"43":{"start":{"line":99,"column":20},"end":{"line":99,"column":66}},"44":{"start":{"line":100,"column":30},"end":{"line":100,"column":55}},"45":{"start":{"line":102,"column":8},"end":{"line":103,"column":180}},"46":{"start":{"line":104,"column":26},"end":{"line":104,"column":122}},"47":{"start":{"line":105,"column":8},"end":{"line":105,"column":35}},"48":{"start":{"line":110,"column":0},"end":{"line":110,"column":59}}},"fnMap":{"0":{"name":"(anonymous_0)","decl":{"start":{"line":34,"column":4},"end":{"line":34,"column":5}},"loc":{"start":{"line":34,"column":42},"end":{"line":57,"column":5}},"line":34},"1":{"name":"(anonymous_1)","decl":{"start":{"line":66,"column":4},"end":{"line":66,"column":5}},"loc":{"start":{"line":66,"column":55},"end":{"line":72,"column":5}},"line":66},"2":{"name":"(anonymous_2)","decl":{"start":{"line":68,"column":54},"end":{"line":68,"column":55}},"loc":{"start":{"line":68,"column":75},"end":{"line":70,"column":9}},"line":68},"3":{"name":"(anonymous_3)","decl":{"start":{"line":76,"column":23},"end":{"line":76,"column":24}},"loc":{"start":{"line":76,"column":39},"end":{"line":78,"column":1}},"line":76},"4":{"name":"(anonymous_4)","decl":{"start":{"line":80,"column":25},"end":{"line":80,"column":26}},"loc":{"start":{"line":80,"column":45},"end":{"line":87,"column":1}},"line":80},"5":{"name":"(anonymous_5)","decl":{"start":{"line":89,"column":21},"end":{"line":89,"column":22}},"loc":{"start":{"line":89,"column":56},"end":{"line":107,"column":1}},"line":89}},"branchMap":{"0":{"loc":{"start":{"line":38,"column":12},"end":{"line":53,"column":13}},"type":"if","locations":[{"start":{"line":38,"column":12},"end":{"line":53,"column":13}},{"start":{"line":51,"column":19},"end":{"line":53,"column":13}}],"line":38},"1":{"loc":{"start":{"line":42,"column":16},"end":{"line":50,"column":17}},"type":"if","locations":[{"start":{"line":42,"column":16},"end":{"line":50,"column":17}},{"start":{"line":45,"column":21},"end":{"line":50,"column":17}}],"line":42},"2":{"loc":{"start":{"line":42,"column":20},"end":{"line":42,"column":46}},"type":"binary-expr","locations":[{"start":{"line":42,"column":20},"end":{"line":42,"column":25}},{"start":{"line":42,"column":29},"end":{"line":42,"column":46}}],"line":42},"3":{"loc":{"start":{"line":45,"column":21},"end":{"line":50,"column":17}},"type":"if","locations":[{"start":{"line":45,"column":21},"end":{"line":50,"column":17}},{"start":{"line":48,"column":21},"end":{"line":50,"column":17}}],"line":45},"4":{"loc":{"start":{"line":45,"column":24},"end":{"line":45,"column":43}},"type":"binary-expr","locations":[{"start":{"line":45,"column":24},"end":{"line":45,"column":29}},{"start":{"line":45,"column":33},"end":{"line":45,"column":43}}],"line":45},"5":{"loc":{"start":{"line":92,"column":4},"end":{"line":106,"column":5}},"type":"if","locations":[{"start":{"line":92,"column":4},"end":{"line":106,"column":5}},{"start":{"line":94,"column":11},"end":{"line":106,"column":5}}],"line":92}},"s":{"0":2,"1":2,"2":2,"3":2,"4":2,"5":2,"6":2,"7":2,"8":2,"9":2,"10":2,"11":2,"12":2,"13":4,"14":4,"15":4,"16":4,"17":3,"18":3,"19":3,"20":1,"21":2,"22":1,"23":1,"24":1,"25":0,"26":2,"27":0,"28":0,"29":2,"30":0,"31":2,"32":0,"33":0,"34":0,"35":0,"36":2,"37":0,"38":0,"39":0,"40":0,"41":0,"42":0,"43":0,"44":0,"45":0,"46":0,"47":0,"48":2},"f":{"0":4,"1":0,"2":0,"3":0,"4":0,"5":0},"b":{"0":[3,1],"1":[1,2],"2":[3,2],"3":[1,1],"4":[2,1],"5":[0,0]},"_coverageSchema":"1a1c01bbd47fc00a2c39e90264f33305004495a9","hash":"1ae2e01b9a8f562f24ce70743529ed60952881dc"}
}
