TN:
SF:controller\auth_controller.js
FN:32,(anonymous_0)
FN:38,(anonymous_1)
FN:46,(anonymous_2)
FN:98,(anonymous_3)
FN:117,(anonymous_4)
FN:118,(anonymous_5)
FN:123,(anonymous_6)
FN:135,(anonymous_7)
FN:136,(anonymous_8)
FN:144,(anonymous_9)
FN:147,(anonymous_10)
FN:178,(anonymous_11)
FN:224,(anonymous_12)
FN:250,hashPassword
FN:259,sendConfirmationEmail
FN:270,(anonymous_15)
FNF:16
FNH:7
FNDA:2,(anonymous_0)
FNDA:1,(anonymous_1)
FNDA:7,(anonymous_2)
FNDA:0,(anonymous_3)
FNDA:1,(anonymous_4)
FNDA:0,(anonymous_5)
FNDA:0,(anonymous_6)
FNDA:0,(anonymous_7)
FNDA:0,(anonymous_8)
FNDA:0,(anonymous_9)
FNDA:5,(anonymous_10)
FNDA:0,(anonymous_11)
FNDA:0,(anonymous_12)
FNDA:5,hashPassword
FNDA:2,sendConfirmationEmail
FNDA:0,(anonymous_15)
DA:1,1
DA:2,1
DA:5,1
DA:6,1
DA:9,1
DA:12,1
DA:13,1
DA:15,1
DA:23,1
DA:31,1
DA:33,2
DA:34,2
DA:35,2
DA:39,1
DA:47,7
DA:48,7
DA:51,7
DA:52,1
DA:57,6
DA:58,6
DA:59,1
DA:62,4
DA:63,1
DA:67,3
DA:68,1
DA:74,2
DA:77,2
DA:80,2
DA:81,2
DA:82,2
DA:83,2
DA:84,2
DA:87,2
DA:91,2
DA:98,2
DA:99,0
DA:100,0
DA:102,0
DA:107,2
DA:110,3
DA:118,1
DA:119,0
DA:121,1
DA:124,0
DA:125,0
DA:126,0
DA:127,0
DA:128,0
DA:131,0
DA:133,0
DA:136,0
DA:137,0
DA:138,0
DA:140,0
DA:145,0
DA:148,5
DA:149,5
DA:150,5
DA:153,5
DA:154,1
DA:160,4
DA:162,4
DA:164,1
DA:167,1
DA:171,1
DA:178,1
DA:179,0
DA:180,0
DA:182,0
DA:186,1
DA:189,3
DA:190,3
DA:191,1
DA:192,1
DA:195,0
DA:196,0
DA:199,2
DA:202,0
DA:203,0
DA:206,0
DA:208,0
DA:209,0
DA:211,0
DA:213,0
DA:214,0
DA:216,0
DA:219,0
DA:225,0
DA:226,0
DA:227,0
DA:228,0
DA:229,0
DA:230,0
DA:231,0
DA:235,0
DA:236,0
DA:237,0
DA:239,0
DA:243,0
DA:244,0
DA:251,5
DA:252,5
DA:253,5
DA:255,2
DA:260,2
DA:261,2
DA:263,2
DA:270,2
DA:271,0
DA:272,0
DA:274,0
DA:279,2
DA:283,1
LF:113
LH:66
BRDA:34,0,0,1
BRDA:34,0,1,1
BRDA:51,1,0,1
BRDA:51,1,1,6
BRDA:51,2,0,7
BRDA:51,2,1,6
BRDA:51,2,2,6
BRDA:51,2,3,6
BRDA:58,3,0,1
BRDA:58,3,1,4
BRDA:62,4,0,1
BRDA:62,4,1,3
BRDA:67,5,0,1
BRDA:67,5,1,2
BRDA:99,6,0,0
BRDA:99,6,1,0
BRDA:119,7,0,0
BRDA:119,7,1,0
BRDA:137,8,0,0
BRDA:137,8,1,0
BRDA:153,9,0,1
BRDA:153,9,1,4
BRDA:162,10,0,1
BRDA:162,10,1,3
BRDA:162,11,0,4
BRDA:162,11,1,4
BRDA:179,12,0,0
BRDA:179,12,1,0
BRDA:189,13,0,3
BRDA:189,13,1,0
BRDA:189,14,0,3
BRDA:189,14,1,3
BRDA:190,15,0,1
BRDA:190,15,1,2
BRDA:191,16,0,1
BRDA:191,16,1,0
BRDA:202,17,0,0
BRDA:202,17,1,0
BRDA:208,18,0,0
BRDA:208,18,1,0
BRDA:228,19,0,0
BRDA:228,19,1,0
BRDA:271,20,0,0
BRDA:271,20,1,0
BRF:44
BRH:26
end_of_record
TN:
SF:controller\interaction_controller.js
FN:14,keywordToImage
FN:32,(anonymous_1)
FN:45,(anonymous_2)
FN:48,(anonymous_3)
FN:56,(anonymous_4)
FN:63,(anonymous_5)
FN:76,(anonymous_6)
FN:88,(anonymous_7)
FN:118,(anonymous_8)
FN:124,(anonymous_9)
FN:143,(anonymous_10)
FN:169,(anonymous_11)
FN:196,(anonymous_12)
FN:206,(anonymous_13)
FN:213,(anonymous_14)
FN:252,(anonymous_15)
FN:258,(anonymous_16)
FN:262,(anonymous_17)
FN:265,(anonymous_18)
FN:286,(anonymous_19)
FN:302,(anonymous_20)
FN:306,(anonymous_21)
FN:312,(anonymous_22)
FN:324,(anonymous_23)
FN:370,(anonymous_24)
FN:397,(anonymous_25)
FN:431,(anonymous_26)
FN:445,(anonymous_27)
FN:460,(anonymous_28)
FN:475,(anonymous_29)
FN:482,(anonymous_30)
FN:492,(anonymous_31)
FN:504,(anonymous_32)
FN:508,(anonymous_33)
FN:519,(anonymous_34)
FN:534,(anonymous_35)
FN:545,(anonymous_36)
FN:568,(anonymous_37)
FNF:38
FNH:25
FNDA:2,keywordToImage
FNDA:0,(anonymous_1)
FNDA:1,(anonymous_2)
FNDA:0,(anonymous_3)
FNDA:0,(anonymous_4)
FNDA:0,(anonymous_5)
FNDA:0,(anonymous_6)
FNDA:0,(anonymous_7)
FNDA:0,(anonymous_8)
FNDA:0,(anonymous_9)
FNDA:1,(anonymous_10)
FNDA:0,(anonymous_11)
FNDA:0,(anonymous_12)
FNDA:2,(anonymous_13)
FNDA:1,(anonymous_14)
FNDA:1,(anonymous_15)
FNDA:1,(anonymous_16)
FNDA:1,(anonymous_17)
FNDA:1,(anonymous_18)
FNDA:2,(anonymous_19)
FNDA:2,(anonymous_20)
FNDA:1,(anonymous_21)
FNDA:1,(anonymous_22)
FNDA:1,(anonymous_23)
FNDA:0,(anonymous_24)
FNDA:1,(anonymous_25)
FNDA:0,(anonymous_26)
FNDA:1,(anonymous_27)
FNDA:0,(anonymous_28)
FNDA:1,(anonymous_29)
FNDA:1,(anonymous_30)
FNDA:1,(anonymous_31)
FNDA:1,(anonymous_32)
FNDA:1,(anonymous_33)
FNDA:1,(anonymous_34)
FNDA:1,(anonymous_35)
FNDA:1,(anonymous_36)
FNDA:1,(anonymous_37)
DA:2,1
DA:3,1
DA:4,1
DA:6,1
DA:15,2
DA:16,2
DA:17,2
DA:18,2
DA:19,2
DA:20,2
DA:22,0
DA:23,0
DA:25,0
DA:26,0
DA:32,1
DA:33,0
DA:35,0
DA:37,0
DA:39,0
DA:40,0
DA:44,1
DA:46,1
DA:47,1
DA:48,1
DA:50,1
DA:51,1
DA:54,0
DA:55,0
DA:56,0
DA:57,0
DA:60,0
DA:61,0
DA:63,0
DA:64,0
DA:65,0
DA:66,0
DA:76,0
DA:77,0
DA:78,0
DA:81,0
DA:84,0
DA:85,0
DA:89,0
DA:90,0
DA:91,0
DA:93,0
DA:95,0
DA:96,0
DA:97,0
DA:98,0
DA:100,0
DA:101,0
DA:102,0
DA:105,0
DA:106,0
DA:117,1
DA:119,0
DA:121,0
DA:122,0
DA:124,0
DA:125,0
DA:126,0
DA:127,0
DA:137,0
DA:139,0
DA:140,0
DA:144,1
DA:145,1
DA:148,1
DA:149,1
DA:151,1
DA:154,1
DA:155,1
DA:159,1
DA:163,1
DA:165,0
DA:166,0
DA:170,0
DA:171,0
DA:172,0
DA:174,0
DA:175,0
DA:177,0
DA:178,0
DA:180,0
DA:182,0
DA:183,0
DA:184,0
DA:185,0
DA:189,0
DA:192,0
DA:193,0
DA:197,0
DA:198,0
DA:199,0
DA:200,0
DA:205,1
DA:207,2
DA:209,2
DA:211,2
DA:213,2
DA:214,1
DA:215,1
DA:216,1
DA:223,1
DA:225,0
DA:226,0
DA:233,0
DA:238,2
DA:239,0
DA:241,0
DA:243,0
DA:245,0
DA:246,0
DA:248,0
DA:254,1
DA:256,1
DA:259,1
DA:260,1
DA:263,1
DA:266,1
DA:267,1
DA:268,1
DA:270,1
DA:271,1
DA:272,1
DA:274,0
DA:276,0
DA:278,0
DA:280,0
DA:285,1
DA:287,2
DA:288,2
DA:290,2
DA:292,2
DA:293,2
DA:295,0
DA:299,2
DA:302,2
DA:303,2
DA:304,2
DA:305,2
DA:306,1
DA:307,1
DA:312,1
DA:313,1
DA:314,0
DA:317,0
DA:319,2
DA:320,2
DA:325,1
DA:326,1
DA:327,1
DA:328,1
DA:329,1
DA:330,1
DA:331,1
DA:333,1
DA:336,1
DA:339,1
DA:340,1
DA:344,1
DA:345,1
DA:346,1
DA:347,1
DA:348,1
DA:351,0
DA:355,1
DA:356,1
DA:358,1
DA:359,1
DA:362,0
DA:368,1
DA:371,0
DA:372,0
DA:373,0
DA:375,0
DA:377,0
DA:378,0
DA:379,0
DA:380,0
DA:382,0
DA:383,0
DA:384,0
DA:387,0
DA:388,0
DA:396,1
DA:399,1
DA:403,1
DA:404,1
DA:405,1
DA:409,1
DA:413,1
DA:414,1
DA:415,1
DA:419,1
DA:423,1
DA:424,1
DA:425,1
DA:428,1
DA:429,1
DA:431,0
DA:432,0
DA:433,0
DA:434,0
DA:443,0
DA:446,1
DA:448,1
DA:452,1
DA:455,1
DA:457,1
DA:458,1
DA:460,0
DA:461,0
DA:462,0
DA:463,0
DA:472,0
DA:476,1
DA:477,1
DA:479,1
DA:480,1
DA:483,1
DA:484,1
DA:485,1
DA:486,1
DA:491,1
DA:493,1
DA:494,1
DA:495,1
DA:496,1
DA:500,0
DA:505,1
DA:509,1
DA:510,1
DA:511,1
DA:512,1
DA:513,1
DA:515,0
DA:520,1
DA:522,1
DA:529,1
DA:531,1
DA:535,1
DA:536,1
DA:537,1
DA:538,1
DA:539,1
DA:541,0
DA:547,1
DA:548,1
DA:549,1
DA:551,1
DA:552,1
DA:553,1
DA:554,1
DA:555,1
DA:556,0
DA:558,1
DA:560,1
DA:561,1
DA:562,1
DA:565,1
DA:570,1
DA:571,1
DA:573,1
DA:575,1
DA:579,1
LF:267
LH:153
BRDA:19,0,0,2
BRDA:19,0,1,0
BRDA:50,1,0,1
BRDA:50,1,1,0
BRDA:64,2,0,0
BRDA:64,2,1,0
BRDA:78,3,0,0
BRDA:78,3,1,0
BRDA:95,4,0,0
BRDA:95,4,1,0
BRDA:125,5,0,0
BRDA:125,5,1,0
BRDA:151,6,0,1
BRDA:151,6,1,0
BRDA:154,7,0,1
BRDA:154,7,1,0
BRDA:174,8,0,0
BRDA:174,8,1,0
BRDA:214,9,0,1
BRDA:214,9,1,0
BRDA:241,10,0,0
BRDA:241,10,1,0
BRDA:245,11,0,0
BRDA:245,11,1,0
BRDA:245,12,0,0
BRDA:245,12,1,0
BRDA:245,12,2,0
BRDA:270,13,0,1
BRDA:270,13,1,0
BRDA:293,14,0,0
BRDA:293,14,1,2
BRDA:304,15,0,2
BRDA:304,15,1,0
BRDA:314,16,0,0
BRDA:314,16,1,0
BRDA:336,17,0,1
BRDA:336,17,1,0
BRDA:339,18,0,1
BRDA:339,18,1,0
BRDA:344,19,0,1
BRDA:344,19,1,0
BRDA:356,20,0,1
BRDA:356,20,1,0
BRDA:377,21,0,0
BRDA:377,21,1,0
BRDA:432,22,0,0
BRDA:432,22,1,0
BRDA:461,23,0,0
BRDA:461,23,1,0
BRDA:512,24,0,1
BRDA:512,24,1,0
BRDA:538,25,0,1
BRDA:538,25,1,0
BRDA:551,26,0,1
BRDA:551,26,1,0
BRDA:555,27,0,0
BRDA:555,27,1,1
BRF:57
BRH:16
end_of_record
TN:
SF:middleware\checkAuth.js
FN:2,(anonymous_0)
FN:9,(anonymous_1)
FN:16,(anonymous_2)
FNF:3
FNH:3
FNDA:2,(anonymous_0)
FNDA:1,(anonymous_1)
FNDA:2,(anonymous_2)
DA:1,1
DA:3,2
DA:4,2
DA:5,1
DA:7,1
DA:10,1
DA:11,1
DA:12,0
DA:14,1
DA:17,2
DA:18,2
DA:19,2
DA:20,0
DA:23,2
DA:26,0
DA:27,0
LF:16
LH:12
BRDA:4,0,0,1
BRDA:4,0,1,1
BRDA:11,1,0,0
BRDA:11,1,1,1
BRDA:19,2,0,0
BRDA:19,2,1,2
BRF:6
BRH:4
end_of_record
TN:
SF:middleware\passport.js
FN:34,(anonymous_0)
FN:66,(anonymous_1)
FN:68,(anonymous_2)
FN:76,(anonymous_3)
FN:80,(anonymous_4)
FN:89,(anonymous_5)
FNF:6
FNH:1
FNDA:4,(anonymous_0)
FNDA:0,(anonymous_1)
FNDA:0,(anonymous_2)
FNDA:0,(anonymous_3)
FNDA:0,(anonymous_4)
FNDA:0,(anonymous_5)
DA:2,2
DA:3,2
DA:5,2
DA:7,2
DA:8,2
DA:9,2
DA:10,2
DA:13,2
DA:14,2
DA:17,2
DA:18,2
DA:20,2
DA:28,2
DA:35,4
DA:36,4
DA:37,4
DA:38,4
DA:39,3
DA:40,3
DA:42,3
DA:43,1
DA:45,2
DA:46,1
DA:49,1
DA:52,1
DA:55,0
DA:60,2
DA:68,0
DA:69,0
DA:76,2
DA:77,0
DA:80,2
DA:81,0
DA:82,0
DA:83,0
DA:85,0
DA:89,2
DA:90,0
DA:92,0
DA:93,0
DA:96,0
DA:97,0
DA:98,0
DA:99,0
DA:100,0
DA:102,0
DA:104,0
DA:105,0
DA:110,2
LF:49
LH:30
BRDA:38,0,0,3
BRDA:38,0,1,1
BRDA:42,1,0,1
BRDA:42,1,1,2
BRDA:42,2,0,3
BRDA:42,2,1,2
BRDA:45,3,0,1
BRDA:45,3,1,1
BRDA:45,4,0,2
BRDA:45,4,1,1
BRDA:92,5,0,0
BRDA:92,5,1,0
BRF:12
BRH:10
end_of_record
