TN:
SF:controller\auth_controller.js
FN:32,(anonymous_0)
FN:38,(anonymous_1)
FN:46,(anonymous_2)
FN:98,(anonymous_3)
FN:118,(anonymous_4)
FN:119,(anonymous_5)
FN:124,(anonymous_6)
FN:136,(anonymous_7)
FN:137,(anonymous_8)
FN:145,(anonymous_9)
FN:148,(anonymous_10)
FN:179,(anonymous_11)
FN:225,(anonymous_12)
FN:251,hashPassword
FN:260,sendConfirmationEmail
FN:271,(anonymous_15)
FNF:16
FNH:1
FNDA:0,(anonymous_0)
FNDA:0,(anonymous_1)
FNDA:0,(anonymous_2)
FNDA:0,(anonymous_3)
FNDA:0,(anonymous_4)
FNDA:0,(anonymous_5)
FNDA:0,(anonymous_6)
FNDA:0,(anonymous_7)
FNDA:0,(anonymous_8)
FNDA:0,(anonymous_9)
FNDA:0,(anonymous_10)
FNDA:0,(anonymous_11)
FNDA:0,(anonymous_12)
FNDA:3,hashPassword
FNDA:0,sendConfirmationEmail
FNDA:0,(anonymous_15)
DA:1,1
DA:2,1
DA:5,1
DA:6,1
DA:9,1
DA:12,1
DA:13,1
DA:15,1
DA:23,1
DA:31,1
DA:33,0
DA:34,0
DA:35,0
DA:39,0
DA:47,0
DA:48,0
DA:51,0
DA:52,0
DA:57,0
DA:58,0
DA:59,0
DA:62,0
DA:63,0
DA:67,0
DA:68,0
DA:74,0
DA:77,0
DA:80,0
DA:81,0
DA:82,0
DA:83,0
DA:84,0
DA:87,0
DA:91,0
DA:98,0
DA:99,0
DA:100,0
DA:102,0
DA:107,0
DA:110,0
DA:111,0
DA:119,0
DA:120,0
DA:122,0
DA:125,0
DA:126,0
DA:127,0
DA:128,0
DA:129,0
DA:132,0
DA:134,0
DA:137,0
DA:138,0
DA:139,0
DA:141,0
DA:146,0
DA:149,0
DA:150,0
DA:151,0
DA:154,0
DA:155,0
DA:161,0
DA:163,0
DA:165,0
DA:168,0
DA:172,0
DA:179,0
DA:180,0
DA:181,0
DA:183,0
DA:187,0
DA:190,0
DA:191,0
DA:192,0
DA:193,0
DA:196,0
DA:197,0
DA:200,0
DA:203,0
DA:204,0
DA:207,0
DA:209,0
DA:210,0
DA:212,0
DA:214,0
DA:215,0
DA:217,0
DA:220,0
DA:226,0
DA:227,0
DA:228,0
DA:229,0
DA:230,0
DA:231,0
DA:232,0
DA:236,0
DA:237,0
DA:238,0
DA:240,0
DA:244,0
DA:245,0
DA:252,3
DA:253,3
DA:254,3
DA:256,2
DA:261,0
DA:262,0
DA:264,0
DA:271,0
DA:272,0
DA:273,0
DA:275,0
DA:280,0
DA:284,1
LF:114
LH:15
BRDA:34,0,0,0
BRDA:34,0,1,0
BRDA:51,1,0,0
BRDA:51,1,1,0
BRDA:51,2,0,0
BRDA:51,2,1,0
BRDA:51,2,2,0
BRDA:51,2,3,0
BRDA:58,3,0,0
BRDA:58,3,1,0
BRDA:62,4,0,0
BRDA:62,4,1,0
BRDA:67,5,0,0
BRDA:67,5,1,0
BRDA:99,6,0,0
BRDA:99,6,1,0
BRDA:120,7,0,0
BRDA:120,7,1,0
BRDA:138,8,0,0
BRDA:138,8,1,0
BRDA:154,9,0,0
BRDA:154,9,1,0
BRDA:163,10,0,0
BRDA:163,10,1,0
BRDA:163,11,0,0
BRDA:163,11,1,0
BRDA:180,12,0,0
BRDA:180,12,1,0
BRDA:190,13,0,0
BRDA:190,13,1,0
BRDA:190,14,0,0
BRDA:190,14,1,0
BRDA:191,15,0,0
BRDA:191,15,1,0
BRDA:192,16,0,0
BRDA:192,16,1,0
BRDA:203,17,0,0
BRDA:203,17,1,0
BRDA:209,18,0,0
BRDA:209,18,1,0
BRDA:229,19,0,0
BRDA:229,19,1,0
BRDA:272,20,0,0
BRDA:272,20,1,0
BRF:44
BRH:0
end_of_record
TN:
SF:controller\interaction_controller.js
FN:14,keywordToImage
FN:24,(anonymous_1)
FN:37,(anonymous_2)
FN:43,(anonymous_3)
FN:47,(anonymous_4)
FN:63,(anonymous_5)
FN:66,(anonymous_6)
FN:97,(anonymous_7)
FN:113,(anonymous_8)
FN:119,(anonymous_9)
FN:123,(anonymous_10)
FN:126,(anonymous_11)
FN:148,(anonymous_12)
FN:156,(anonymous_13)
FN:160,(anonymous_14)
FN:186,(anonymous_15)
FN:237,(anonymous_16)
FN:270,(anonymous_17)
FN:285,(anonymous_18)
FN:292,(anonymous_19)
FN:302,(anonymous_20)
FN:314,(anonymous_21)
FN:318,(anonymous_22)
FN:329,(anonymous_23)
FN:344,(anonymous_24)
FN:355,(anonymous_25)
FN:378,(anonymous_26)
FNF:27
FNH:3
FNDA:0,keywordToImage
FNDA:1,(anonymous_1)
FNDA:1,(anonymous_2)
FNDA:0,(anonymous_3)
FNDA:0,(anonymous_4)
FNDA:0,(anonymous_5)
FNDA:1,(anonymous_6)
FNDA:0,(anonymous_7)
FNDA:0,(anonymous_8)
FNDA:0,(anonymous_9)
FNDA:0,(anonymous_10)
FNDA:0,(anonymous_11)
FNDA:0,(anonymous_12)
FNDA:0,(anonymous_13)
FNDA:0,(anonymous_14)
FNDA:0,(anonymous_15)
FNDA:0,(anonymous_16)
FNDA:0,(anonymous_17)
FNDA:0,(anonymous_18)
FNDA:0,(anonymous_19)
FNDA:0,(anonymous_20)
FNDA:0,(anonymous_21)
FNDA:0,(anonymous_22)
FNDA:0,(anonymous_23)
FNDA:0,(anonymous_24)
FNDA:0,(anonymous_25)
FNDA:0,(anonymous_26)
DA:2,1
DA:3,1
DA:4,1
DA:6,1
DA:15,0
DA:16,0
DA:17,0
DA:18,0
DA:19,0
DA:24,1
DA:25,1
DA:27,1
DA:29,1
DA:31,0
DA:32,0
DA:36,1
DA:38,1
DA:40,1
DA:43,1
DA:44,1
DA:45,0
DA:46,0
DA:47,0
DA:48,0
DA:50,0
DA:52,1
DA:55,0
DA:56,0
DA:62,1
DA:64,0
DA:67,1
DA:68,1
DA:69,1
DA:70,0
DA:73,1
DA:74,1
DA:76,1
DA:79,1
DA:80,1
DA:84,1
DA:88,1
DA:90,0
DA:91,0
DA:96,1
DA:98,0
DA:100,0
DA:102,0
DA:104,0
DA:105,0
DA:107,0
DA:109,0
DA:115,0
DA:117,0
DA:120,0
DA:121,0
DA:124,0
DA:127,0
DA:128,0
DA:129,0
DA:130,0
DA:132,0
DA:133,0
DA:134,0
DA:136,0
DA:138,0
DA:140,0
DA:142,0
DA:147,1
DA:149,0
DA:150,0
DA:151,0
DA:152,0
DA:153,0
DA:156,0
DA:157,0
DA:158,0
DA:159,0
DA:160,0
DA:161,0
DA:164,0
DA:167,0
DA:170,0
DA:174,0
DA:176,0
DA:177,0
DA:180,0
DA:187,0
DA:188,0
DA:189,0
DA:190,0
DA:191,0
DA:192,0
DA:193,0
DA:195,0
DA:198,0
DA:201,0
DA:202,0
DA:206,0
DA:207,0
DA:208,0
DA:209,0
DA:210,0
DA:213,0
DA:217,0
DA:218,0
DA:220,0
DA:221,0
DA:224,0
DA:230,0
DA:236,1
DA:239,0
DA:243,0
DA:244,0
DA:245,0
DA:249,0
DA:253,0
DA:254,0
DA:255,0
DA:259,0
DA:263,0
DA:264,0
DA:265,0
DA:268,0
DA:271,0
DA:273,0
DA:277,0
DA:280,0
DA:282,0
DA:286,0
DA:287,0
DA:289,0
DA:290,0
DA:293,0
DA:294,0
DA:295,0
DA:296,0
DA:301,1
DA:303,0
DA:304,0
DA:305,0
DA:306,0
DA:310,0
DA:315,0
DA:319,0
DA:320,0
DA:321,0
DA:322,0
DA:323,0
DA:325,0
DA:330,0
DA:332,0
DA:339,0
DA:341,0
DA:345,0
DA:346,0
DA:347,0
DA:348,0
DA:349,0
DA:351,0
DA:357,0
DA:358,0
DA:359,0
DA:361,0
DA:362,0
DA:363,0
DA:364,0
DA:365,0
DA:366,0
DA:368,0
DA:370,0
DA:371,0
DA:372,0
DA:375,0
DA:380,0
DA:381,0
DA:383,0
DA:385,0
DA:389,1
LF:178
LH:30
BRDA:44,0,0,0
BRDA:44,0,1,1
BRDA:69,1,0,0
BRDA:69,1,1,1
BRDA:76,2,0,1
BRDA:76,2,1,0
BRDA:79,3,0,1
BRDA:79,3,1,0
BRDA:104,4,0,0
BRDA:104,4,1,0
BRDA:104,5,0,0
BRDA:104,5,1,0
BRDA:104,5,2,0
BRDA:132,6,0,0
BRDA:132,6,1,0
BRDA:150,7,0,0
BRDA:150,7,1,0
BRDA:157,8,0,0
BRDA:157,8,1,0
BRDA:198,9,0,0
BRDA:198,9,1,0
BRDA:201,10,0,0
BRDA:201,10,1,0
BRDA:206,11,0,0
BRDA:206,11,1,0
BRDA:218,12,0,0
BRDA:218,12,1,0
BRDA:322,13,0,0
BRDA:322,13,1,0
BRDA:348,14,0,0
BRDA:348,14,1,0
BRDA:361,15,0,0
BRDA:361,15,1,0
BRDA:365,16,0,0
BRDA:365,16,1,0
BRF:35
BRH:4
end_of_record
TN:
SF:middleware\passport.js
FN:34,(anonymous_0)
FN:66,(anonymous_1)
FN:68,(anonymous_2)
FN:76,(anonymous_3)
FN:80,(anonymous_4)
FN:89,(anonymous_5)
FNF:6
FNH:0
FNDA:0,(anonymous_0)
FNDA:0,(anonymous_1)
FNDA:0,(anonymous_2)
FNDA:0,(anonymous_3)
FNDA:0,(anonymous_4)
FNDA:0,(anonymous_5)
DA:2,1
DA:3,1
DA:5,1
DA:7,1
DA:8,1
DA:9,1
DA:10,1
DA:13,1
DA:14,1
DA:17,1
DA:18,1
DA:20,1
DA:28,1
DA:35,0
DA:36,0
DA:37,0
DA:38,0
DA:39,0
DA:40,0
DA:42,0
DA:43,0
DA:45,0
DA:46,0
DA:49,0
DA:52,0
DA:55,0
DA:60,1
DA:68,0
DA:69,0
DA:76,1
DA:77,0
DA:80,1
DA:81,0
DA:82,0
DA:83,0
DA:85,0
DA:89,1
DA:90,0
DA:92,0
DA:93,0
DA:96,0
DA:97,0
DA:98,0
DA:99,0
DA:100,0
DA:102,0
DA:104,0
DA:105,0
DA:110,1
LF:49
LH:18
BRDA:38,0,0,0
BRDA:38,0,1,0
BRDA:42,1,0,0
BRDA:42,1,1,0
BRDA:42,2,0,0
BRDA:42,2,1,0
BRDA:45,3,0,0
BRDA:45,3,1,0
BRDA:45,4,0,0
BRDA:45,4,1,0
BRDA:92,5,0,0
BRDA:92,5,1,0
BRF:12
BRH:0
end_of_record
